#
# A fatal error has been detected by the Java Runtime Environment:
#
#  EXCEPTION_ACCESS_VIOLATION (0xc0000005) at pc=0x00000000598e701c, pid=2436, tid=0x000000000000440c
#
# JRE version: Java(TM) SE Runtime Environment (8.0_202-b08) (build 1.8.0_202-b08)
# Java VM: Java HotSpot(TM) 64-Bit Server VM (25.202-b08 mixed mode windows-amd64 compressed oops)
# Problematic frame:
# V  [jvm.dll+0x21701c]
#
# Failed to write core dump. Minidumps are not enabled by default on client versions of Windows
#
# If you would like to submit a bug report, please visit:
#   http://bugreport.java.com/bugreport/crash.jsp
#

---------------  T H R E A D  ---------------

Current thread (0x000000000115e800):  JavaThread "main" [_thread_in_vm, id=17420, stack(0x0000000002970000,0x0000000002a70000)]

siginfo: ExceptionCode=0xc0000005, writing address 0x00007ffbede1d4c0

Registers:
RAX=0x00000000eb304190, RBX=0x000000000115e800, RCX=0x00007ffbede1d4c0, RDX=0x00007ffbede1d4c0
RSP=0x0000000002a6f148, RBP=0x0000000018be88f0, RSI=0x0000000000000000, RDI=0x00007ffbede1d4c0
R8 =0x0000000000000000, R9 =0x0000000100099090, R10=0x0000000059e79eb0, R11=0x0000000002a6f190
R12=0x0000000018be88b0, R13=0x0000000000000001, R14=0x0000000000000000, R15=0x0000000019191cd0
RIP=0x00000000598e701c, EFLAGS=0x0000000000010206

Top of Stack: (sp=0x0000000002a6f148)
0x0000000002a6f148:   000000005980f07f 000000000115e9f8
0x0000000002a6f158:   00000000598180e5 0000000002b3f790
0x0000000002a6f168:   0000000059819250 0000000018be88f0
0x0000000002a6f178:   00007ffc7634f02c 000000000115e9f8
0x0000000002a6f188:   0000000000000000 0000000000000000
0x0000000002a6f198:   0000000100099090 00008b85744651d7
0x0000000002a6f1a8:   0000000015128318 0000000000000000
0x0000000002a6f1b8:   0000000000000000 000000000115e9f8
0x0000000002a6f1c8:   00007ffc7634f191 000000000115e9f8
0x0000000002a6f1d8:   0000000018be88f0 0000000015128318
0x0000000002a6f1e8:   000000000115e9f8 0000000018be88b0
0x0000000002a6f1f8:   0000000000000001 0000000000000000
0x0000000002a6f208:   0000000000000000 000000000115e9f8
0x0000000002a6f218:   00007ffc76349fb9 0000000000000000
0x0000000002a6f228:   0000000002a6f280 0000000000000000
0x0000000002a6f238:   0000000015128310 0000000000000120 

Instructions: (pc=0x00000000598e701c)
0x00000000598e6ffc:   00 00 00 48 33 cc e8 b9 49 3c 00 48 81 c4 c8 00
0x00000000598e700c:   00 00 c3 cc 48 85 c9 74 0a 48 8b 05 74 fe 5f 00
0x00000000598e701c:   48 89 01 f3 c3 cc cc cc cc cc cc cc cc cc cc cc
0x00000000598e702c:   cc cc cc cc 4c 8b 49 38 4d 85 c9 74 34 4d 8b c1 


Register to memory mapping:

RAX=0x00000000eb304190 is an oop
java.lang.Object 
 - klass: 'java/lang/Object'
RBX=0x000000000115e800 is a thread
RCX=0x00007ffbede1d4c0 is an unknown value
RDX=0x00007ffbede1d4c0 is an unknown value
RSP=0x0000000002a6f148 is pointing into the stack for thread: 0x000000000115e800
RBP=0x0000000018be88f0 is an unknown value
RSI=0x0000000000000000 is an unknown value
RDI=0x00007ffbede1d4c0 is an unknown value
R8 =0x0000000000000000 is an unknown value
R9 =0x0000000100099090 is pointing into metadata
R10=0x0000000059e79eb0 is an unknown value
R11=0x0000000002a6f190 is pointing into the stack for thread: 0x000000000115e800
R12=0x0000000018be88b0 is an unknown value
R13=0x0000000000000001 is an unknown value
R14=0x0000000000000000 is an unknown value
R15=0x0000000019191cd0 is an unknown value


Stack: [0x0000000002970000,0x0000000002a70000],  sp=0x0000000002a6f148,  free space=1020k
Native frames: (J=compiled Java code, j=interpreted, Vv=VM code, C=native code)
V  [jvm.dll+0x21701c]

Java frames: (J=compiled Java code, j=interpreted, Vv=VM code)
j  org.jocl.CL.clEnqueueWriteBufferNative(Lorg/jocl/cl_command_queue;Lorg/jocl/cl_mem;ZJJLorg/jocl/Pointer;I[Lorg/jocl/cl_event;Lorg/jocl/cl_event;)I+0
j  org.jocl.CL.clEnqueueWriteBuffer(Lorg/jocl/cl_command_queue;Lorg/jocl/cl_mem;ZJJLorg/jocl/Pointer;I[Lorg/jocl/cl_event;Lorg/jocl/cl_event;)I+18
j  wrapper.core.CCommandQueue.putWriteBuffer(Lwrapper/core/CMemory;)Lwrapper/core/CCommandQueue;+21
j  wrapper.core.CMemory.transferToDevice()V+21
j  wrapper.core.CMemory.loopWrite(Ljava/util/function/BiConsumer;)V+34
j  struct.TestStructHostPointer.main([Ljava/lang/String;)V+37
v  ~StubRoutines::call_stub

---------------  P R O C E S S  ---------------

Java Threads: ( => current thread )
  0x0000000016b08800 JavaThread "Service Thread" daemon [_thread_blocked, id=18208, stack(0x0000000016ec0000,0x0000000016fc0000)]
  0x000000001517c800 JavaThread "C1 CompilerThread2" daemon [_thread_blocked, id=17040, stack(0x00000000169c0000,0x0000000016ac0000)]
  0x000000001516a800 JavaThread "C2 CompilerThread1" daemon [_thread_blocked, id=6368, stack(0x00000000168c0000,0x00000000169c0000)]
  0x0000000015166800 JavaThread "C2 CompilerThread0" daemon [_thread_blocked, id=9964, stack(0x00000000167c0000,0x00000000168c0000)]
  0x0000000015164800 JavaThread "Attach Listener" daemon [_thread_blocked, id=6420, stack(0x00000000166c0000,0x00000000167c0000)]
  0x0000000015163800 JavaThread "Signal Dispatcher" daemon [_thread_blocked, id=12228, stack(0x00000000165c0000,0x00000000166c0000)]
  0x0000000002b6c800 JavaThread "Finalizer" daemon [_thread_blocked, id=16420, stack(0x00000000163c0000,0x00000000164c0000)]
  0x0000000002b64000 JavaThread "Reference Handler" daemon [_thread_blocked, id=16616, stack(0x00000000162c0000,0x00000000163c0000)]
=>0x000000000115e800 JavaThread "main" [_thread_in_vm, id=17420, stack(0x0000000002970000,0x0000000002a70000)]

Other Threads:
  0x0000000015127800 VMThread [stack: 0x00000000161c0000,0x00000000162c0000] [id=17672]
  0x000000001519d800 WatcherThread [stack: 0x0000000016fc0000,0x00000000170c0000] [id=17476]

VM state:not at safepoint (normal execution)

VM Mutex/Monitor currently owned by a thread: None

heap address: 0x00000000c1800000, size: 1000 MB, Compressed Oops mode: 32-bit
Narrow klass base: 0x0000000000000000, Narrow klass shift: 3
Compressed class space size: 1073741824 Address: 0x0000000100000000

Heap:
 PSYoungGen      total 75776K, used 5202K [0x00000000eb300000, 0x00000000f0780000, 0x0000000100000000)
  eden space 65024K, 8% used [0x00000000eb300000,0x00000000eb814850,0x00000000ef280000)
  from space 10752K, 0% used [0x00000000efd00000,0x00000000efd00000,0x00000000f0780000)
  to   space 10752K, 0% used [0x00000000ef280000,0x00000000ef280000,0x00000000efd00000)
 ParOldGen       total 173568K, used 0K [0x00000000c1800000, 0x00000000cc180000, 0x00000000eb300000)
  object space 173568K, 0% used [0x00000000c1800000,0x00000000c1800000,0x00000000cc180000)
 Metaspace       used 4801K, capacity 5172K, committed 5376K, reserved 1056768K
  class space    used 560K, capacity 646K, committed 768K, reserved 1048576K

Card table byte_map: [0x0000000011f30000,0x0000000012130000] byte_map_base: 0x0000000011924000

Marking Bits: (ParMarkBitMap*) 0x0000000059ef5ce0
 Begin Bits: [0x0000000012680000, 0x0000000013620000)
 End Bits:   [0x0000000013620000, 0x00000000145c0000)

Polling page: 0x0000000000c70000

CodeCache: size=245760Kb used=1602Kb max_used=1602Kb free=244157Kb
 bounds [0x0000000002b70000, 0x0000000002de0000, 0x0000000011b70000]
 total_blobs=579 nmethods=278 adapters=214
 compilation: enabled

Compilation events (10 events):
Event: 1.343 Thread 0x000000001517c800  273       3       java.io.File::isInvalid (47 bytes)
Event: 1.343 Thread 0x000000001517c800 nmethod 273 0x0000000002cfef10 code [0x0000000002cff080, 0x0000000002cff4a8]
Event: 1.343 Thread 0x000000001517c800  274       3       java.lang.String::equalsIgnoreCase (48 bytes)
Event: 1.344 Thread 0x000000001517c800 nmethod 274 0x0000000002cff590 code [0x0000000002cff700, 0x0000000002cffa68]
Event: 1.345 Thread 0x000000001517c800  275       3       sun.reflect.ClassFileAssembler::emitByte (11 bytes)
Event: 1.345 Thread 0x000000001517c800 nmethod 275 0x0000000002cfffd0 code [0x0000000002d00140, 0x0000000002d00308]
Event: 1.345 Thread 0x000000001517c800  276       3       sun.reflect.ByteVectorImpl::add (38 bytes)
Event: 1.345 Thread 0x000000001517c800 nmethod 276 0x0000000002d00410 code [0x0000000002d00580, 0x0000000002d007a8]
Event: 1.346 Thread 0x000000001517c800  278       3       coordinate.struct.refl.StructField::isArray (11 bytes)
Event: 1.346 Thread 0x000000001517c800 nmethod 278 0x0000000002d00c90 code [0x0000000002d00e00, 0x0000000002d010a8]

GC Heap History (0 events):
No events

Deoptimization events (0 events):
No events

Classes redefined (0 events):
No events

Internal exceptions (4 events):
Event: 0.031 Thread 0x000000000115e800 Exception <a 'java/lang/NoSuchMethodError': Method sun.misc.Unsafe.defineClass(Ljava/lang/String;[BII)Ljava/lang/Class; name or signature does not match> (0x00000000eb307cb0) thrown at [C:\re\workspace\8-2-build-windows-amd64-cygwin\jdk8u202\12323\hotspot
Event: 0.031 Thread 0x000000000115e800 Exception <a 'java/lang/NoSuchMethodError': Method sun.misc.Unsafe.prefetchRead(Ljava/lang/Object;J)V name or signature does not match> (0x00000000eb307f98) thrown at [C:\re\workspace\8-2-build-windows-amd64-cygwin\jdk8u202\12323\hotspot\src\share\vm\prim
Event: 0.928 Thread 0x000000000115e800 Exception <a 'java/lang/NoSuchFieldError': method resolution failed> (0x00000000eb644fb8) thrown at [C:\re\workspace\8-2-build-windows-amd64-cygwin\jdk8u202\12323\hotspot\src\share\vm\prims\methodHandles.cpp, line 1167]
Event: 0.930 Thread 0x000000000115e800 Exception <a 'java/lang/NoSuchFieldError': method resolution failed> (0x00000000eb6523b8) thrown at [C:\re\workspace\8-2-build-windows-amd64-cygwin\jdk8u202\12323\hotspot\src\share\vm\prims\methodHandles.cpp, line 1167]

Events (10 events):
Event: 1.345 loading class sun/reflect/Label$PatchInfo
Event: 1.345 loading class sun/reflect/Label$PatchInfo done
Event: 1.345 loading class sun/reflect/MethodAccessorGenerator$1
Event: 1.345 loading class sun/reflect/MethodAccessorGenerator$1 done
Event: 1.345 loading class sun/reflect/ClassDefiner
Event: 1.345 loading class sun/reflect/ClassDefiner done
Event: 1.345 loading class sun/reflect/ClassDefiner$1
Event: 1.345 loading class sun/reflect/ClassDefiner$1 done
Event: 1.346 loading class sun/reflect/BootstrapConstructorAccessorImpl
Event: 1.346 loading class sun/reflect/BootstrapConstructorAccessorImpl done


Dynamic libraries:
0x00007ff68f330000 - 0x00007ff68f367000 	C:\Program Files\Java\jdk1.8.0_202\bin\java.exe
0x00007ffc7d110000 - 0x00007ffc7d307000 	C:\WINDOWS\SYSTEM32\ntdll.dll
0x00007ffc7c6e0000 - 0x00007ffc7c79d000 	C:\WINDOWS\System32\KERNEL32.DLL
0x00007ffc7abc0000 - 0x00007ffc7ae8d000 	C:\WINDOWS\System32\KERNELBASE.dll
0x00007ffc7cdb0000 - 0x00007ffc7ce5e000 	C:\WINDOWS\System32\ADVAPI32.dll
0x00007ffc7b610000 - 0x00007ffc7b6ae000 	C:\WINDOWS\System32\msvcrt.dll
0x00007ffc7b4e0000 - 0x00007ffc7b57c000 	C:\WINDOWS\System32\sechost.dll
0x00007ffc7c470000 - 0x00007ffc7c595000 	C:\WINDOWS\System32\RPCRT4.dll
0x00007ffc7be60000 - 0x00007ffc7c000000 	C:\WINDOWS\System32\USER32.dll
0x00007ffc7b140000 - 0x00007ffc7b162000 	C:\WINDOWS\System32\win32u.dll
0x00007ffc7ce60000 - 0x00007ffc7ce8a000 	C:\WINDOWS\System32\GDI32.dll
0x00007ffc7aab0000 - 0x00007ffc7abbb000 	C:\WINDOWS\System32\gdi32full.dll
0x00007ffc7aa10000 - 0x00007ffc7aaad000 	C:\WINDOWS\System32\msvcp_win.dll
0x00007ffc7ae90000 - 0x00007ffc7af90000 	C:\WINDOWS\System32\ucrtbase.dll
0x00007ffc65d90000 - 0x00007ffc6602a000 	C:\WINDOWS\WinSxS\amd64_microsoft.windows.common-controls_6595b64144ccf1df_6.0.19041.1110_none_60b5254171f9507e\COMCTL32.dll
0x00007ffc7b5e0000 - 0x00007ffc7b610000 	C:\WINDOWS\System32\IMM32.DLL
0x00000000595f0000 - 0x00000000596c2000 	C:\Program Files\Java\jdk1.8.0_202\jre\bin\msvcr100.dll
0x00000000596d0000 - 0x0000000059f75000 	C:\Program Files\Java\jdk1.8.0_202\jre\bin\server\jvm.dll
0x00007ffc7b170000 - 0x00007ffc7b178000 	C:\WINDOWS\System32\PSAPI.DLL
0x00007ffc5a120000 - 0x00007ffc5a129000 	C:\WINDOWS\SYSTEM32\WSOCK32.dll
0x00007ffc586c0000 - 0x00007ffc586e7000 	C:\WINDOWS\SYSTEM32\WINMM.dll
0x00007ffc73d00000 - 0x00007ffc73d0a000 	C:\WINDOWS\SYSTEM32\VERSION.dll
0x00007ffc7c7a0000 - 0x00007ffc7c80b000 	C:\WINDOWS\System32\WS2_32.dll
0x00007ffc53ab0000 - 0x00007ffc53abf000 	C:\Program Files\Java\jdk1.8.0_202\jre\bin\verify.dll
0x00007ffc50130000 - 0x00007ffc50159000 	C:\Program Files\Java\jdk1.8.0_202\jre\bin\java.dll
0x00007ffc50110000 - 0x00007ffc50126000 	C:\Program Files\Java\jdk1.8.0_202\jre\bin\zip.dll
0x00007ffc7b6b0000 - 0x00007ffc7bdf4000 	C:\WINDOWS\System32\SHELL32.dll
0x00007ffc78950000 - 0x00007ffc790e4000 	C:\WINDOWS\SYSTEM32\windows.storage.dll
0x00007ffc7b180000 - 0x00007ffc7b4d4000 	C:\WINDOWS\System32\combase.dll
0x00007ffc7a1c0000 - 0x00007ffc7a1ec000 	C:\WINDOWS\SYSTEM32\Wldp.dll
0x00007ffc7cc20000 - 0x00007ffc7cccd000 	C:\WINDOWS\System32\SHCORE.dll
0x00007ffc7c680000 - 0x00007ffc7c6d5000 	C:\WINDOWS\System32\shlwapi.dll
0x00007ffc7a770000 - 0x00007ffc7a78f000 	C:\WINDOWS\SYSTEM32\profapi.dll
0x00007ffc76340000 - 0x00007ffc7637d000 	C:\Users\user\AppData\Local\Temp\JOCL_2_0_0-windows-x86_64.dll
0x00007ffc7a130000 - 0x00007ffc7a13c000 	C:\WINDOWS\SYSTEM32\CRYPTBASE.DLL
0x00007ffc28f30000 - 0x00007ffc28fad000 	C:\WINDOWS\SYSTEM32\OpenCL.dll
0x00007ffc7b0f0000 - 0x00007ffc7b13e000 	C:\WINDOWS\System32\CFGMGR32.dll
0x00007ffc7c930000 - 0x00007ffc7ca5a000 	C:\WINDOWS\System32\ole32.dll
0x00007ffc78750000 - 0x00007ffc78762000 	C:\WINDOWS\SYSTEM32\kernel.appcore.dll
0x00007ffc7a860000 - 0x00007ffc7a8e2000 	C:\WINDOWS\System32\bcryptPrimitives.dll
0x00007ffc7cd00000 - 0x00007ffc7cda9000 	C:\WINDOWS\System32\clbcatq.dll
0x00007ffc79130000 - 0x00007ffc79223000 	C:\WINDOWS\SYSTEM32\dxgi.dll
0x00007ffbf0140000 - 0x00007ffbf0748000 	C:\WINDOWS\System32\DriverStore\FileRepository\iigd_dch.inf_amd64_1dc9fc8d5e442f6a\igdrcl64.dll
0x00007ffc6e090000 - 0x00007ffc6e457000 	C:\WINDOWS\System32\DriverStore\FileRepository\iigd_dch.inf_amd64_1dc9fc8d5e442f6a\igdgmm64.dll
0x00007ffc70ef0000 - 0x00007ffc70f2b000 	C:\WINDOWS\SYSTEM32\dxcore.dll
0x00007ffc4dfa0000 - 0x00007ffc4e0a1000 	C:\WINDOWS\System32\DriverStore\FileRepository\iigd_dch.inf_amd64_1dc9fc8d5e442f6a\igdfcl64.dll
0x00007ffc6aa60000 - 0x00007ffc6e012000 	C:\WINDOWS\System32\DriverStore\FileRepository\iigd_dch.inf_amd64_1dc9fc8d5e442f6a\igc64.dll
0x00007ffbebf00000 - 0x00007ffbf0134000 	C:\WINDOWS\System32\DriverStore\FileRepository\u0376209.inf_amd64_b3bdffadea4def3f\B374968\amdocl64.dll
0x00007ffc7c000000 - 0x00007ffc7c46f000 	C:\WINDOWS\System32\SETUPAPI.dll
0x00007ffc7a830000 - 0x00007ffc7a857000 	C:\WINDOWS\System32\bcrypt.dll
0x00007ffc57a00000 - 0x00007ffc57b26000 	C:\WINDOWS\SYSTEM32\OPENGL32.dll
0x00007ffc581d0000 - 0x00007ffc581fc000 	C:\WINDOWS\SYSTEM32\GLU32.dll
0x00007ffc4ddd0000 - 0x00007ffc4df9c000 	C:\WINDOWS\System32\DriverStore\FileRepository\u0376209.inf_amd64_b3bdffadea4def3f\B374968\atiadlxx.dll
0x00007ffc537f0000 - 0x00007ffc53839000 	C:\WINDOWS\SYSTEM32\pdh.dll
0x00007ffc76400000 - 0x00007ffc764f6000 	C:\WINDOWS\SYSTEM32\PROPSYS.dll
0x00007ffc7a570000 - 0x00007ffc7a59c000 	C:\WINDOWS\System32\DEVOBJ.dll
0x00007ffc7a8f0000 - 0x00007ffc7a957000 	C:\WINDOWS\System32\WINTRUST.dll
0x00007ffc7af90000 - 0x00007ffc7b0e6000 	C:\WINDOWS\System32\CRYPT32.dll
0x00007ffc7a3b0000 - 0x00007ffc7a3c2000 	C:\WINDOWS\System32\MSASN1.dll
0x00007ffc78460000 - 0x00007ffc7848f000 	C:\WINDOWS\SYSTEM32\dwmapi.dll
0x00007ffbe6eb0000 - 0x00007ffbebef2000 	C:\WINDOWS\System32\DriverStore\FileRepository\u0376209.inf_amd64_b3bdffadea4def3f\B374968\amd_comgr.dll
0x00007ffc7c5a0000 - 0x00007ffc7c66d000 	C:\WINDOWS\System32\OLEAUT32.dll
0x00007ffc70c20000 - 0x00007ffc70e04000 	C:\WINDOWS\SYSTEM32\dbghelp.dll

VM Arguments:
jvm_args: -Dfile.encoding=UTF-8 -Xmx1000m 
java_command: struct.TestStructHostPointer
java_class_path (initial): C:\Users\user\Documents\Java\JOCL\jocl-2.0.0.jar;C:\Users\user\Documents\GitHub\Coordinate\build\classes;C:\Users\user\Documents\Java\JOCL\JOCL-structs-0.0.1a-alpha.jar;C:\Users\user\Documents\GitHub\JOCLWrapper\build\classes;C:\Users\user\Documents\GitHub\JOCLWrapper\build\test\classes
Launcher Type: SUN_STANDARD

Environment Variables:
JAVA_HOME=C:\Program Files\Java\jdk1.8.0_144
PATH=C:\Program Files (x86)\Common Files\Intel\Shared Libraries\redist\intel64\mpirt;C:\Program Files (x86)\Common Files\Intel\Shared Libraries\redist\intel64\compiler;C:\Program Files (x86)\Common Files\Oracle\Java\javapath;C:\ProgramData\Oracle\Java\javapath;C:\WINDOWS\system32;C:\WINDOWS;C:\WINDOWS\System32\Wbem;C:\WINDOWS\System32\WindowsPowerShell\v1.0\;C:\Program Files\LuxRender;C:\WINDOWS\System32\OpenSSH\;C:\Program Files\apache-maven-3.6.3\bin;C:\Program Files\Microsoft SQL Server\120\Tools\Binn\;C:\Program Files\nodejs\;C:\Users\user\AppData\Local\Microsoft\WindowsApps;C:\Users\user\AppData\Local\GitHubDesktop\bin;C:\Users\user\AppData\Local\Microsoft\WindowsApps;;C:\Users\user\AppData\Local\Programs\Microsoft VS Code\bin;C:\Users\user\AppData\Roaming\npm
USERNAME=user
OS=Windows_NT
PROCESSOR_IDENTIFIER=Intel64 Family 6 Model 94 Stepping 3, GenuineIntel



---------------  S Y S T E M  ---------------

OS: Windows 10.0 , 64 bit Build 19041 (10.0.19041.1741)

CPU:total 4 (initial active 4) (4 cores per cpu, 1 threads per core) family 6 model 94 stepping 3, cmov, cx8, fxsr, mmx, sse, sse2, sse3, ssse3, sse4.1, sse4.2, popcnt, avx, avx2, aes, clmul, erms, 3dnowpref, lzcnt, tsc, tscinvbit, bmi1, bmi2, adx

Memory: 4k page, physical 16633860k(5726960k free), swap 28692484k(11509512k free)

vm_info: Java HotSpot(TM) 64-Bit Server VM (25.202-b08) for windows-amd64 JRE (1.8.0_202-b08), built on Dec 15 2018 19:54:30 by "java_re" with MS VC++ 10.0 (VS2010)

time: Wed Jun 29 22:00:52 2022
timezone: E. Africa Standard Time
elapsed time: 1 seconds (0d 0h 0m 1s)

