#
# A fatal error has been detected by the Java Runtime Environment:
#
#  EXCEPTION_ACCESS_VIOLATION (0xc0000005) at pc=0x00000000695580bd, pid=11508, tid=0x0000000000004bf8
#
# JRE version: Java(TM) SE Runtime Environment (8.0_202-b08) (build 1.8.0_202-b08)
# Java VM: Java HotSpot(TM) 64-Bit Server VM (25.202-b08 mixed mode windows-amd64 compressed oops)
# Problematic frame:
# V  [jvm.dll+0x1e80bd]
#
# Failed to write core dump. Minidumps are not enabled by default on client versions of Windows
#
# If you would like to submit a bug report, please visit:
#   http://bugreport.java.com/bugreport/crash.jsp
#

---------------  T H R E A D  ---------------

Current thread (0x0000000002cce800):  JavaThread "main" [_thread_in_vm, id=19448, stack(0x0000000002cd0000,0x0000000002dd0000)]

siginfo: ExceptionCode=0xc0000005, writing address 0x0000000400000000

Registers:
RAX=0x0000000002cce800, RBX=0x0000000002cce800, RCX=0x0000000000000007, RDX=0x0000000002dcf228
RSP=0x0000000002dcf140, RBP=0x0000000002dcf1f0, RSI=0x0000000400000000, RDI=0x000000000000a9bf
R8 =0x0000000400000000, R9 =0x000000000000a9bf, R10=0x0000000002ee8c3b, R11=0x000000006959cf20
R12=0x0000000000000000, R13=0x0000000014b9ea58, R14=0x0000000002dcf228, R15=0x0000000002cce800
RIP=0x00000000695580bd, EFLAGS=0x0000000000010246

Top of Stack: (sp=0x0000000002dcf140)
0x0000000002dcf140:   0000000002cc9660 0000000002cce800
0x0000000002dcf150:   0000000014b9ea58 0000000000000020
0x0000000002dcf160:   0000000002ed80e0 0000000002ee8c67
0x0000000002dcf170:   0000000014b9ea58 0000000000000020
0x0000000002dcf180:   0000000002cce800 0000000014b9ea58
0x0000000002dcf190:   0000000000000020 0000000002cce800
0x0000000002dcf1a0:   0000000002dcf2a0 0000000002ee8962
0x0000000002dcf1b0:   0000000002dcf1b0 0000000014b9ea58
0x0000000002dcf1c0:   0000000002dcf228 0000000014bcc588
0x0000000002dcf1d0:   0000000000000000 0000000014b9ea58
0x0000000002dcf1e0:   0000000000000000 0000000002dcf210
0x0000000002dcf1f0:   0000000002dcf270 0000000002ed835d
0x0000000002dcf200:   0000000000000000 0000000002ee21d8
0x0000000002dcf210:   000000000000a9bf 0000000400000000
0x0000000002dcf220:   00000000eb8e89e0 00000000eb3089a8
0x0000000002dcf230:   0000000002dcf230 0000000014ff7d92 

Instructions: (pc=0x00000000695580bd)
0x000000006955809d:   c1 05 00 c7 83 70 02 00 00 06 00 00 00 8b 0d 68
0x00000000695580ad:   3a 5d 00 ff 15 3a a3 3f 00 c6 80 94 02 00 00 01
0x00000000695580bd:   89 3e c6 80 94 02 00 00 00 48 8b 7b 48 48 8b 47
0x00000000695580cd:   10 48 8b 77 08 48 83 38 00 74 15 48 8b 57 28 48 


Register to memory mapping:

RAX=0x0000000002cce800 is a thread
RBX=0x0000000002cce800 is a thread
RCX=0x0000000000000007 is an unknown value
RDX=0x0000000002dcf228 is pointing into the stack for thread: 0x0000000002cce800
RSP=0x0000000002dcf140 is pointing into the stack for thread: 0x0000000002cce800
RBP=0x0000000002dcf1f0 is pointing into the stack for thread: 0x0000000002cce800
RSI=0x0000000400000000 is an unknown value
RDI=0x000000000000a9bf is an unknown value
R8 =0x0000000400000000 is an unknown value
R9 =0x000000000000a9bf is an unknown value
R10=0x0000000002ee8c3b is at code_begin+891 in an Interpreter codelet
method entry point (kind = native)  [0x0000000002ee88c0, 0x0000000002ee9280]  2496 bytes
R11=0x000000006959cf20 is an unknown value
R12=0x0000000000000000 is an unknown value
R13={method} {0x0000000014b9ea60} 'putInt' '(JI)V' in 'sun/misc/Unsafe'
R14=0x0000000002dcf228 is pointing into the stack for thread: 0x0000000002cce800
R15=0x0000000002cce800 is a thread


Stack: [0x0000000002cd0000,0x0000000002dd0000],  sp=0x0000000002dcf140,  free space=1020k
Native frames: (J=compiled Java code, j=interpreted, Vv=VM code, C=native code)
V  [jvm.dll+0x1e80bd]
C  0x0000000002ee8c67

Java frames: (J=compiled Java code, j=interpreted, Vv=VM code)
j  sun.misc.Unsafe.putInt(JI)V+0
j  coordinate.memory.type.MemoryAllocator$MemoryNativeAddressImpl.set(Lcoordinate/memory/type/LayoutValue$OfInteger;JI)V+10
j  coordinate.memory.type.ValueState.set(Lcoordinate/memory/type/MemoryRegion;JLjava/lang/Object;)V+64
j  coordinate.memory.type.ValueState.set(Lcoordinate/memory/type/MemoryRegion;Ljava/lang/Object;)V+4
j  coordinate.memory.type.MemoryStructFactory$Int32.fieldToMemory(Lcoordinate/memory/type/MemoryRegion;)V+11
j  wrapper.core.SVMNative.setStraight(JLcoordinate/memory/type/StructBase;)V+9
j  svm.SimpleJOCL.testSVMOffset()V+56
j  svm.SimpleJOCL.main([Ljava/lang/String;)V+0
v  ~StubRoutines::call_stub

---------------  P R O C E S S  ---------------

Java Threads: ( => current thread )
  0x0000000016e48800 JavaThread "Service Thread" daemon [_thread_blocked, id=12176, stack(0x0000000017210000,0x0000000017310000)]
  0x00000000154d1800 JavaThread "C1 CompilerThread2" daemon [_thread_blocked, id=11956, stack(0x0000000016d10000,0x0000000016e10000)]
  0x00000000154c9800 JavaThread "C2 CompilerThread1" daemon [_thread_blocked, id=1880, stack(0x0000000016c10000,0x0000000016d10000)]
  0x00000000154c5800 JavaThread "C2 CompilerThread0" daemon [_thread_blocked, id=18572, stack(0x0000000016b10000,0x0000000016c10000)]
  0x00000000154c3000 JavaThread "Attach Listener" daemon [_thread_blocked, id=16988, stack(0x0000000016a10000,0x0000000016b10000)]
  0x00000000154c1800 JavaThread "Signal Dispatcher" daemon [_thread_blocked, id=20892, stack(0x0000000016910000,0x0000000016a10000)]
  0x0000000002eca800 JavaThread "Finalizer" daemon [_thread_blocked, id=14060, stack(0x0000000016710000,0x0000000016810000)]
  0x0000000002ec2000 JavaThread "Reference Handler" daemon [_thread_blocked, id=15060, stack(0x0000000016610000,0x0000000016710000)]
=>0x0000000002cce800 JavaThread "main" [_thread_in_vm, id=19448, stack(0x0000000002cd0000,0x0000000002dd0000)]

Other Threads:
  0x0000000015487000 VMThread [stack: 0x0000000016510000,0x0000000016610000] [id=19256]
  0x000000001551d800 WatcherThread [stack: 0x0000000017310000,0x0000000017410000] [id=7212]

VM state:not at safepoint (normal execution)

VM Mutex/Monitor currently owned by a thread: None

heap address: 0x00000000c1800000, size: 1000 MB, Compressed Oops mode: 32-bit
Narrow klass base: 0x0000000000000000, Narrow klass shift: 3
Compressed class space size: 1073741824 Address: 0x0000000100000000

Heap:
 PSYoungGen      total 75776K, used 6503K [0x00000000eb300000, 0x00000000f0780000, 0x0000000100000000)
  eden space 65024K, 10% used [0x00000000eb300000,0x00000000eb959c20,0x00000000ef280000)
  from space 10752K, 0% used [0x00000000efd00000,0x00000000efd00000,0x00000000f0780000)
  to   space 10752K, 0% used [0x00000000ef280000,0x00000000ef280000,0x00000000efd00000)
 ParOldGen       total 173568K, used 0K [0x00000000c1800000, 0x00000000cc180000, 0x00000000eb300000)
  object space 173568K, 0% used [0x00000000c1800000,0x00000000c1800000,0x00000000cc180000)
 Metaspace       used 5554K, capacity 5698K, committed 5888K, reserved 1056768K
  class space    used 641K, capacity 713K, committed 768K, reserved 1048576K

Card table byte_map: [0x0000000012290000,0x0000000012490000] byte_map_base: 0x0000000011c84000

Marking Bits: (ParMarkBitMap*) 0x0000000069b95ce0
 Begin Bits: [0x00000000129e0000, 0x0000000013980000)
 End Bits:   [0x0000000013980000, 0x0000000014920000)

Polling page: 0x0000000002b80000

CodeCache: size=245760Kb used=1831Kb max_used=1831Kb free=243928Kb
 bounds [0x0000000002ed0000, 0x0000000003140000, 0x0000000011ed0000]
 total_blobs=699 nmethods=373 adapters=239
 compilation: enabled

Compilation events (10 events):
Event: 1.568 Thread 0x00000000154c5800  369       4       java.lang.String::getChars (62 bytes)
Event: 1.569 Thread 0x00000000154d1800  370       3       java.lang.Character::toLowerCase (6 bytes)
Event: 1.569 Thread 0x00000000154d1800 nmethod 370 0x0000000003099210 code [0x0000000003099380, 0x0000000003099618]
Event: 1.570 Thread 0x00000000154c5800 nmethod 369 0x00000000030978d0 code [0x0000000003097a20, 0x0000000003097b98]
Event: 1.571 Thread 0x00000000154d1800  371       3       java.lang.invoke.MethodType::toMethodDescriptorString (21 bytes)
Event: 1.572 Thread 0x00000000154d1800 nmethod 371 0x0000000003097d10 code [0x0000000003097f20, 0x0000000003098a18]
Event: 1.572 Thread 0x00000000154d1800  372       3       java.lang.ClassLoader::loadClass (7 bytes)
Event: 1.572 Thread 0x00000000154d1800 nmethod 372 0x0000000003097490 code [0x0000000003097600, 0x0000000003097828]
Event: 1.572 Thread 0x00000000154d1800  373       3       sun.misc.Launcher$AppClassLoader::loadClass (85 bytes)
Event: 1.573 Thread 0x00000000154d1800 nmethod 373 0x000000000309a050 code [0x000000000309a280, 0x000000000309afa8]

GC Heap History (0 events):
No events

Deoptimization events (0 events):
No events

Classes redefined (0 events):
No events

Internal exceptions (8 events):
Event: 0.030 Thread 0x0000000002cce800 Exception <a 'java/lang/NoSuchMethodError': Method sun.misc.Unsafe.defineClass(Ljava/lang/String;[BII)Ljava/lang/Class; name or signature does not match> (0x00000000eb307cb0) thrown at [C:\re\workspace\8-2-build-windows-amd64-cygwin\jdk8u202\12323\hotspot
Event: 0.030 Thread 0x0000000002cce800 Exception <a 'java/lang/NoSuchMethodError': Method sun.misc.Unsafe.prefetchRead(Ljava/lang/Object;J)V name or signature does not match> (0x00000000eb307f98) thrown at [C:\re\workspace\8-2-build-windows-amd64-cygwin\jdk8u202\12323\hotspot\src\share\vm\prim
Event: 0.089 Thread 0x0000000002cce800 Exception <a 'java/security/PrivilegedActionException'> (0x00000000eb395838) thrown at [C:\re\workspace\8-2-build-windows-amd64-cygwin\jdk8u202\12323\hotspot\src\share\vm\prims\jvm.cpp, line 1502]
Event: 0.089 Thread 0x0000000002cce800 Exception <a 'java/security/PrivilegedActionException'> (0x00000000eb395a48) thrown at [C:\re\workspace\8-2-build-windows-amd64-cygwin\jdk8u202\12323\hotspot\src\share\vm\prims\jvm.cpp, line 1502]
Event: 0.090 Thread 0x0000000002cce800 Exception <a 'java/security/PrivilegedActionException'> (0x00000000eb399958) thrown at [C:\re\workspace\8-2-build-windows-amd64-cygwin\jdk8u202\12323\hotspot\src\share\vm\prims\jvm.cpp, line 1502]
Event: 0.090 Thread 0x0000000002cce800 Exception <a 'java/security/PrivilegedActionException'> (0x00000000eb399b68) thrown at [C:\re\workspace\8-2-build-windows-amd64-cygwin\jdk8u202\12323\hotspot\src\share\vm\prims\jvm.cpp, line 1502]
Event: 0.867 Thread 0x0000000002cce800 Exception <a 'java/lang/NoSuchFieldError': method resolution failed> (0x00000000eb689618) thrown at [C:\re\workspace\8-2-build-windows-amd64-cygwin\jdk8u202\12323\hotspot\src\share\vm\prims\methodHandles.cpp, line 1167]
Event: 0.868 Thread 0x0000000002cce800 Exception <a 'java/lang/NoSuchFieldError': method resolution failed> (0x00000000eb696a18) thrown at [C:\re\workspace\8-2-build-windows-amd64-cygwin\jdk8u202\12323\hotspot\src\share\vm\prims\methodHandles.cpp, line 1167]

Events (10 events):
Event: 1.569 loading class coordinate/memory/type/MemoryRegion
Event: 1.569 loading class coordinate/memory/type/MemoryRegion done
Event: 1.570 loading class coordinate/memory/type/MemoryAllocator$MemoryNativeAddressImpl
Event: 1.570 loading class coordinate/memory/type/MemoryAllocator$MemoryNativeAddressImpl done
Event: 1.571 loading class coordinate/unsafe/UnsafeUtils
Event: 1.571 loading class coordinate/unsafe/UnsafeUtils done
Event: 1.572 loading class java/lang/SecurityException
Event: 1.572 loading class java/lang/SecurityException done
Event: 1.573 loading class java/lang/reflect/InvocationTargetException
Event: 1.573 loading class java/lang/reflect/InvocationTargetException done


Dynamic libraries:
0x00007ff7cfcc0000 - 0x00007ff7cfcf7000 	C:\Program Files\Java\jdk1.8.0_202\bin\java.exe
0x00007ffc45df0000 - 0x00007ffc45fe8000 	C:\WINDOWS\SYSTEM32\ntdll.dll
0x00007ffc45720000 - 0x00007ffc457dd000 	C:\WINDOWS\System32\KERNEL32.DLL
0x00007ffc43850000 - 0x00007ffc43b46000 	C:\WINDOWS\System32\KERNELBASE.dll
0x00007ffc43fe0000 - 0x00007ffc4408f000 	C:\WINDOWS\System32\ADVAPI32.dll
0x00007ffc45950000 - 0x00007ffc459ee000 	C:\WINDOWS\System32\msvcrt.dll
0x00007ffc458b0000 - 0x00007ffc4594c000 	C:\WINDOWS\System32\sechost.dll
0x00007ffc45270000 - 0x00007ffc45396000 	C:\WINDOWS\System32\RPCRT4.dll
0x00007ffc454d0000 - 0x00007ffc4566e000 	C:\WINDOWS\System32\USER32.dll
0x00007ffc43e20000 - 0x00007ffc43e42000 	C:\WINDOWS\System32\win32u.dll
0x00007ffc45230000 - 0x00007ffc4525c000 	C:\WINDOWS\System32\GDI32.dll
0x00007ffc43540000 - 0x00007ffc4365a000 	C:\WINDOWS\System32\gdi32full.dll
0x00007ffc43d80000 - 0x00007ffc43e1d000 	C:\WINDOWS\System32\msvcp_win.dll
0x00007ffc43b50000 - 0x00007ffc43c50000 	C:\WINDOWS\System32\ucrtbase.dll
0x00007ffc2f1b0000 - 0x00007ffc2f44a000 	C:\WINDOWS\WinSxS\amd64_microsoft.windows.common-controls_6595b64144ccf1df_6.0.19041.3636_none_60b6a03d71f818d5\COMCTL32.dll
0x00007ffc448e0000 - 0x00007ffc44910000 	C:\WINDOWS\System32\IMM32.DLL
0x0000000069290000 - 0x0000000069362000 	C:\Program Files\Java\jdk1.8.0_202\jre\bin\msvcr100.dll
0x0000000069370000 - 0x0000000069c15000 	C:\Program Files\Java\jdk1.8.0_202\jre\bin\server\jvm.dll
0x00007ffc45190000 - 0x00007ffc45198000 	C:\WINDOWS\System32\PSAPI.DLL
0x00007ffc3d250000 - 0x00007ffc3d25a000 	C:\WINDOWS\SYSTEM32\VERSION.dll
0x00007ffc3f180000 - 0x00007ffc3f1a7000 	C:\WINDOWS\SYSTEM32\WINMM.dll
0x00007ffc3e540000 - 0x00007ffc3e549000 	C:\WINDOWS\SYSTEM32\WSOCK32.dll
0x00007ffc457e0000 - 0x00007ffc4584b000 	C:\WINDOWS\System32\WS2_32.dll
0x00007ffc3d5b0000 - 0x00007ffc3d5bf000 	C:\Program Files\Java\jdk1.8.0_202\jre\bin\verify.dll
0x00007ffbf6b90000 - 0x00007ffbf6bb9000 	C:\Program Files\Java\jdk1.8.0_202\jre\bin\java.dll
0x00007ffc32d70000 - 0x00007ffc32d86000 	C:\Program Files\Java\jdk1.8.0_202\jre\bin\zip.dll
0x00007ffc44a40000 - 0x00007ffc45185000 	C:\WINDOWS\System32\SHELL32.dll
0x00007ffc415b0000 - 0x00007ffc41d4b000 	C:\WINDOWS\SYSTEM32\windows.storage.dll
0x00007ffc44090000 - 0x00007ffc443e4000 	C:\WINDOWS\System32\combase.dll
0x00007ffc42e40000 - 0x00007ffc42e6d000 	C:\WINDOWS\SYSTEM32\Wldp.dll
0x00007ffc45670000 - 0x00007ffc4571d000 	C:\WINDOWS\System32\SHCORE.dll
0x00007ffc45850000 - 0x00007ffc458a5000 	C:\WINDOWS\System32\shlwapi.dll
0x00007ffc43400000 - 0x00007ffc43425000 	C:\WINDOWS\SYSTEM32\profapi.dll
0x00007ffc38c80000 - 0x00007ffc38cbd000 	C:\Users\user\AppData\Local\Temp\JOCL_2_0_0-windows-x86_64.dll
0x00007ffc42db0000 - 0x00007ffc42dbc000 	C:\WINDOWS\SYSTEM32\CRYPTBASE.DLL
0x00007ffc37610000 - 0x00007ffc3768c000 	C:\WINDOWS\SYSTEM32\OpenCL.dll
0x00007ffc43d30000 - 0x00007ffc43d7e000 	C:\WINDOWS\System32\CFGMGR32.dll
0x00007ffc43e50000 - 0x00007ffc43f7b000 	C:\WINDOWS\System32\ole32.dll
0x00007ffc413b0000 - 0x00007ffc413c2000 	C:\WINDOWS\SYSTEM32\kernel.appcore.dll
0x00007ffc437c0000 - 0x00007ffc43842000 	C:\WINDOWS\System32\bcryptPrimitives.dll
0x00007ffc453a0000 - 0x00007ffc45449000 	C:\WINDOWS\System32\clbcatq.dll
0x00007ffc41d90000 - 0x00007ffc41e83000 	C:\WINDOWS\SYSTEM32\dxgi.dll
0x00007ffbcbb90000 - 0x00007ffbcc0eb000 	C:\WINDOWS\System32\DriverStore\FileRepository\iigd_dch.inf_amd64_51f685305808e3a5\igdrcl64.dll
0x00007ffc37ed0000 - 0x00007ffc382d9000 	C:\WINDOWS\System32\DriverStore\FileRepository\iigd_dch.inf_amd64_51f685305808e3a5\igdgmm64.dll
0x00007ffc39d60000 - 0x00007ffc39d9b000 	C:\WINDOWS\SYSTEM32\dxcore.dll
0x00007ffbcc5a0000 - 0x00007ffbcc6a4000 	C:\WINDOWS\System32\DriverStore\FileRepository\iigd_dch.inf_amd64_51f685305808e3a5\igdfcl64.dll
0x00007ffc07d80000 - 0x00007ffc0b514000 	C:\WINDOWS\System32\DriverStore\FileRepository\iigd_dch.inf_amd64_51f685305808e3a5\igc64.dll
0x00007ffbcb340000 - 0x00007ffbcbb89000 	C:\WINDOWS\System32\DriverStore\FileRepository\u0390451.inf_amd64_39377efdd62734d1\B390182\amdocl64.dll
0x00007ffc443f0000 - 0x00007ffc4485e000 	C:\WINDOWS\System32\SETUPAPI.dll
0x00007ffc43d00000 - 0x00007ffc43d27000 	C:\WINDOWS\System32\bcrypt.dll
0x00007ffc32470000 - 0x00007ffc32595000 	C:\WINDOWS\SYSTEM32\OPENGL32.dll
0x00007ffc36230000 - 0x00007ffc3625c000 	C:\WINDOWS\SYSTEM32\GLU32.dll
0x00007ffc410c0000 - 0x00007ffc410ef000 	C:\WINDOWS\SYSTEM32\dwmapi.dll
0x00007ffc43210000 - 0x00007ffc43243000 	C:\WINDOWS\System32\DEVOBJ.dll
0x00007ffc434d0000 - 0x00007ffc43537000 	C:\WINDOWS\System32\WINTRUST.dll
0x00007ffc43660000 - 0x00007ffc437bd000 	C:\WINDOWS\System32\CRYPT32.dll
0x00007ffc43030000 - 0x00007ffc43042000 	C:\WINDOWS\System32\MSASN1.dll
0x00007ffbb1e00000 - 0x00007ffbb5dc4000 	C:\WINDOWS\System32\DriverStore\FileRepository\u0390451.inf_amd64_39377efdd62734d1\B390182\amdhsail64.dll
0x00007ffb9a790000 - 0x00007ffb9ff25000 	C:\WINDOWS\System32\DriverStore\FileRepository\u0390451.inf_amd64_39377efdd62734d1\B390182\amd_comgr.dll
0x00007ffc45a50000 - 0x00007ffc45b1d000 	C:\WINDOWS\System32\OLEAUT32.dll
0x00007ffc42d90000 - 0x00007ffc42da8000 	C:\WINDOWS\SYSTEM32\CRYPTSP.dll
0x00007ffc424d0000 - 0x00007ffc42504000 	C:\WINDOWS\system32\rsaenh.dll
0x00007ffc433c0000 - 0x00007ffc433ee000 	C:\WINDOWS\SYSTEM32\USERENV.dll
0x00007ffc31ff0000 - 0x00007ffc3200a000 	C:\Program Files\Java\jdk1.8.0_202\jre\bin\net.dll
0x00007ffc32270000 - 0x00007ffc3245d000 	C:\WINDOWS\SYSTEM32\urlmon.dll
0x00007ffc325a0000 - 0x00007ffc3285c000 	C:\WINDOWS\SYSTEM32\iertutil.dll
0x00007ffc32240000 - 0x00007ffc32268000 	C:\WINDOWS\SYSTEM32\srvcli.dll
0x00007ffc429f0000 - 0x00007ffc429fc000 	C:\WINDOWS\SYSTEM32\netutils.dll
0x00007ffc42ba0000 - 0x00007ffc42c0a000 	C:\WINDOWS\system32\mswsock.dll
0x00007ffc42890000 - 0x00007ffc428cb000 	C:\WINDOWS\SYSTEM32\IPHLPAPI.DLL
0x00007ffc44a30000 - 0x00007ffc44a38000 	C:\WINDOWS\System32\NSI.dll
0x00007ffc3a700000 - 0x00007ffc3a717000 	C:\WINDOWS\SYSTEM32\dhcpcsvc6.DLL
0x00007ffc3c080000 - 0x00007ffc3c09d000 	C:\WINDOWS\SYSTEM32\dhcpcsvc.DLL
0x00007ffc428d0000 - 0x00007ffc4299a000 	C:\WINDOWS\SYSTEM32\DNSAPI.dll
0x00007ffbf6b70000 - 0x00007ffbf6b82000 	C:\Program Files\Java\jdk1.8.0_202\jre\bin\nio.dll
0x00007ffc3b730000 - 0x00007ffc3b914000 	C:\WINDOWS\SYSTEM32\dbghelp.dll

VM Arguments:
jvm_args: -Dfile.encoding=UTF-8 -Xmx1000m 
java_command: svm.SimpleJOCL
java_class_path (initial): C:\Users\user\Documents\GitHub\Coordinate\build\classes;C:\Users\user\Documents\Java\JOCL\jocl-2.0.0.jar;C:\Users\user\Documents\Java\JOCL\JOCL-structs-0.0.1a-alpha.jar;C:\Users\user\Documents\GitHub\JOCLWrapper\build\classes;C:\Users\user\Documents\GitHub\JOCLWrapper\build\test\classes
Launcher Type: SUN_STANDARD

Environment Variables:
JAVA_HOME=C:\Program Files\Java\jdk1.8.0_144
PATH=C:\Program Files (x86)\Common Files\Intel\Shared Libraries\redist\intel64\mpirt;C:\Program Files (x86)\Common Files\Intel\Shared Libraries\redist\intel64\compiler;C:\Program Files (x86)\Common Files\Oracle\Java\javapath;C:\ProgramData\Oracle\Java\javapath;C:\WINDOWS\system32;C:\WINDOWS;C:\WINDOWS\System32\Wbem;C:\WINDOWS\System32\WindowsPowerShell\v1.0\;C:\Program Files\LuxRender;C:\WINDOWS\System32\OpenSSH\;C:\Program Files\apache-maven-3.6.3\bin;C:\Program Files\Microsoft SQL Server\120\Tools\Binn\;C:\Program Files\nodejs\;C:\Users\user\AppData\Local\Microsoft\WindowsApps;C:\Users\user\AppData\Local\GitHubDesktop\bin;C:\Users\user\AppData\Local\Microsoft\WindowsApps;;C:\Users\user\AppData\Local\Programs\Microsoft VS Code\bin;C:\Users\user\AppData\Roaming\npm
USERNAME=user
OS=Windows_NT
PROCESSOR_IDENTIFIER=Intel64 Family 6 Model 94 Stepping 3, GenuineIntel



---------------  S Y S T E M  ---------------

OS: Windows 10.0 , 64 bit Build 19041 (10.0.19041.3636)

CPU:total 4 (initial active 4) (4 cores per cpu, 1 threads per core) family 6 model 94 stepping 3, cmov, cx8, fxsr, mmx, sse, sse2, sse3, ssse3, sse4.1, sse4.2, popcnt, avx, avx2, aes, clmul, erms, 3dnowpref, lzcnt, tsc, tscinvbit, bmi1, bmi2, adx

Memory: 4k page, physical 16633860k(7808136k free), swap 20303876k(5472272k free)

vm_info: Java HotSpot(TM) 64-Bit Server VM (25.202-b08) for windows-amd64 JRE (1.8.0_202-b08), built on Dec 15 2018 19:54:30 by "java_re" with MS VC++ 10.0 (VS2010)

time: Sat Dec 30 01:39:36 2023
timezone: E. Africa Standard Time
elapsed time: 1 seconds (0d 0h 0m 1s)

