#
# A fatal error has been detected by the Java Runtime Environment:
#
#  EXCEPTION_ACCESS_VIOLATION (0xc0000005) at pc=0x000000006bfd7f5f, pid=9416, tid=0x0000000000002f50
#
# JRE version: Java(TM) SE Runtime Environment (8.0_202-b08) (build 1.8.0_202-b08)
# Java VM: Java HotSpot(TM) 64-Bit Server VM (25.202-b08 mixed mode windows-amd64 compressed oops)
# Problematic frame:
# V  [jvm.dll+0x1e7f5f]
#
# Failed to write core dump. Minidumps are not enabled by default on client versions of Windows
#
# If you would like to submit a bug report, please visit:
#   http://bugreport.java.com/bugreport/crash.jsp
#

---------------  T H R E A D  ---------------

Current thread (0x000000000328e800):  JavaThread "main" [_thread_in_vm, id=12112, stack(0x00000000030e0000,0x00000000031e0000)]

siginfo: ExceptionCode=0xc0000005, reading address 0x0000000400000000

Registers:
RAX=0x000000000328e800, RBX=0x000000000328e800, RCX=0x0000000000000007, RDX=0x00000000031df000
RSP=0x00000000031defb0, RBP=0x00000000031df040, RSI=0x0000000000000020, RDI=0x0000000400000000
R8 =0x0000000400000000, R9 =0x0000000003287b30, R10=0x00000000035845fb, R11=0x00000000035845d8
R12=0x0000000000000000, R13=0x00000000031df060, R14=0x00000000031df0c8, R15=0x000000000328e800
RIP=0x000000006bfd7f5f, EFLAGS=0x0000000000010246

Top of Stack: (sp=0x00000000031defb0)
0x00000000031defb0:   000000000328e800 00000000031df050
0x00000000031defc0:   0000000000000020 0000000015504c08
0x00000000031defd0:   00000000033e7da0 0000000003584675
0x00000000031defe0:   00000000150ae9c0 00000000031df040
0x00000000031deff0:   0000000000000020 0000000015504bfb
0x00000000031df000:   00000000eb3089a8 00000000033e7da0
0x00000000031df010:   0000000000000020 00000000000000b6
0x00000000031df020:   00000000031df0b8 0000000003404ebe
0x00000000031df030:   0000000000000300 00000000000000b6
0x00000000031df040:   00000000031df0b8 00000000033e7da0
0x00000000031df050:   00000000031df0b8 00000000033e7da0
0x00000000031df060:   0000000400000000 00000000eb8f2900
0x00000000031df070:   00000000eb3089a8 00000000031df078
0x00000000031df080:   0000000015504bfb 00000000031df0c8
0x00000000031df090:   0000000015505ab8 0000000000000000
0x00000000031df0a0:   0000000015504c08 00000000031df060 

Instructions: (pc=0x000000006bfd7f5f)
0x000000006bfd7f3f:   c2 05 00 c7 83 70 02 00 00 06 00 00 00 8b 0d c6
0x000000006bfd7f4f:   3b 5d 00 ff 15 98 a4 3f 00 c6 80 94 02 00 00 01
0x000000006bfd7f5f:   8b 2f c6 80 94 02 00 00 00 48 8b 7b 48 48 8b 47
0x000000006bfd7f6f:   10 48 8b 77 08 48 83 38 00 74 15 48 8b 57 28 48 


Register to memory mapping:

RAX=0x000000000328e800 is a thread
RBX=0x000000000328e800 is a thread
RCX=0x0000000000000007 is an unknown value
RDX=0x00000000031df000 is pointing into the stack for thread: 0x000000000328e800
RSP=0x00000000031defb0 is pointing into the stack for thread: 0x000000000328e800
RBP=0x00000000031df040 is pointing into the stack for thread: 0x000000000328e800
RSI=0x0000000000000020 is an unknown value
RDI=0x0000000400000000 is an unknown value
R8 =0x0000000400000000 is an unknown value
R9 =0x0000000003287b30 is an unknown value
R10=0x00000000035845fb is at entry_point+59 in (nmethod*)0x0000000003584450
R11=0x00000000035845d8 is at entry_point+24 in (nmethod*)0x0000000003584450
R12=0x0000000000000000 is an unknown value
R13=0x00000000031df060 is pointing into the stack for thread: 0x000000000328e800
R14=0x00000000031df0c8 is pointing into the stack for thread: 0x000000000328e800
R15=0x000000000328e800 is a thread


Stack: [0x00000000030e0000,0x00000000031e0000],  sp=0x00000000031defb0,  free space=1019k
Native frames: (J=compiled Java code, j=interpreted, Vv=VM code, C=native code)
V  [jvm.dll+0x1e7f5f]
C  0x0000000003584675

Java frames: (J=compiled Java code, j=interpreted, Vv=VM code)
J 313  sun.misc.Unsafe.getInt(J)I (0 bytes) @ 0x00000000035845fb [0x00000000035845c0+0x3b]
j  java.nio.DirectIntBufferU.get()I+11
j  svm.SimpleJOCL.testSVMNew4()V+122
j  svm.SimpleJOCL.main([Ljava/lang/String;)V+0
v  ~StubRoutines::call_stub

---------------  P R O C E S S  ---------------

Java Threads: ( => current thread )
  0x000000001736a800 JavaThread "Service Thread" daemon [_thread_blocked, id=3504, stack(0x0000000017740000,0x0000000017840000)]
  0x00000000159e2800 JavaThread "C1 CompilerThread2" daemon [_thread_blocked, id=7108, stack(0x0000000017240000,0x0000000017340000)]
  0x00000000159da800 JavaThread "C2 CompilerThread1" daemon [_thread_blocked, id=13336, stack(0x0000000017140000,0x0000000017240000)]
  0x00000000159d6800 JavaThread "C2 CompilerThread0" daemon [_thread_blocked, id=5028, stack(0x0000000017040000,0x0000000017140000)]
  0x00000000159d5000 JavaThread "Attach Listener" daemon [_thread_blocked, id=5628, stack(0x0000000016f40000,0x0000000017040000)]
  0x00000000159d3800 JavaThread "Signal Dispatcher" daemon [_thread_blocked, id=7812, stack(0x0000000016e40000,0x0000000016f40000)]
  0x00000000033dd000 JavaThread "Finalizer" daemon [_thread_blocked, id=15876, stack(0x0000000016c40000,0x0000000016d40000)]
  0x00000000033d3000 JavaThread "Reference Handler" daemon [_thread_blocked, id=11904, stack(0x0000000016b40000,0x0000000016c40000)]
=>0x000000000328e800 JavaThread "main" [_thread_in_vm, id=12112, stack(0x00000000030e0000,0x00000000031e0000)]

Other Threads:
  0x0000000015998000 VMThread [stack: 0x0000000016a40000,0x0000000016b40000] [id=16100]
  0x0000000017383000 WatcherThread [stack: 0x0000000017840000,0x0000000017940000] [id=13164]

VM state:not at safepoint (normal execution)

VM Mutex/Monitor currently owned by a thread: None

heap address: 0x00000000c1800000, size: 1000 MB, Compressed Oops mode: 32-bit
Narrow klass base: 0x0000000000000000, Narrow klass shift: 3
Compressed class space size: 1073741824 Address: 0x0000000100000000

Heap:
 PSYoungGen      total 75776K, used 6505K [0x00000000eb300000, 0x00000000f0780000, 0x0000000100000000)
  eden space 65024K, 10% used [0x00000000eb300000,0x00000000eb95a6f8,0x00000000ef280000)
  from space 10752K, 0% used [0x00000000efd00000,0x00000000efd00000,0x00000000f0780000)
  to   space 10752K, 0% used [0x00000000ef280000,0x00000000ef280000,0x00000000efd00000)
 ParOldGen       total 173568K, used 0K [0x00000000c1800000, 0x00000000cc180000, 0x00000000eb300000)
  object space 173568K, 0% used [0x00000000c1800000,0x00000000c1800000,0x00000000cc180000)
 Metaspace       used 5549K, capacity 5712K, committed 5888K, reserved 1056768K
  class space    used 643K, capacity 712K, committed 768K, reserved 1048576K

Card table byte_map: [0x00000000127a0000,0x00000000129a0000] byte_map_base: 0x0000000012194000

Marking Bits: (ParMarkBitMap*) 0x000000006c615ce0
 Begin Bits: [0x0000000012ef0000, 0x0000000013e90000)
 End Bits:   [0x0000000013e90000, 0x0000000014e30000)

Polling page: 0x00000000018c0000

CodeCache: size=245760Kb used=1830Kb max_used=1835Kb free=243929Kb
 bounds [0x00000000033e0000, 0x0000000003650000, 0x00000000123e0000]
 total_blobs=700 nmethods=374 adapters=239
 compilation: enabled

Compilation events (10 events):
Event: 1.574 Thread 0x00000000159e2800 nmethod 369 0x00000000035a7390 code [0x00000000035a7500, 0x00000000035a7868]
Event: 1.576 Thread 0x00000000159d6800 nmethod 370 0x00000000035aa790 code [0x00000000035aa8e0, 0x00000000035aaad8]
Event: 1.577 Thread 0x00000000159da800  372       4       java.lang.String::getChars (62 bytes)
Event: 1.577 Thread 0x00000000159e2800  371       3       java.lang.Character::toLowerCase (6 bytes)
Event: 1.577 Thread 0x00000000159e2800 nmethod 371 0x00000000035aa250 code [0x00000000035aa3c0, 0x00000000035aa658]
Event: 1.579 Thread 0x00000000159da800 nmethod 372 0x00000000035a8910 code [0x00000000035a8a60, 0x00000000035a8bd8]
Event: 1.588 Thread 0x00000000159e2800  373       3       java.lang.ClassLoader::loadClass (7 bytes)
Event: 1.588 Thread 0x00000000159e2800 nmethod 373 0x00000000035a82d0 code [0x00000000035a8440, 0x00000000035a8668]
Event: 1.588 Thread 0x00000000159e2800  374       3       sun.misc.Launcher$AppClassLoader::loadClass (85 bytes)
Event: 1.589 Thread 0x00000000159e2800 nmethod 374 0x00000000035a8e50 code [0x00000000035a9080, 0x00000000035a9da8]

GC Heap History (0 events):
No events

Deoptimization events (0 events):
No events

Classes redefined (0 events):
No events

Internal exceptions (8 events):
Event: 0.032 Thread 0x000000000328e800 Exception <a 'java/lang/NoSuchMethodError': Method sun.misc.Unsafe.defineClass(Ljava/lang/String;[BII)Ljava/lang/Class; name or signature does not match> (0x00000000eb307cb0) thrown at [C:\re\workspace\8-2-build-windows-amd64-cygwin\jdk8u202\12323\hotspot
Event: 0.032 Thread 0x000000000328e800 Exception <a 'java/lang/NoSuchMethodError': Method sun.misc.Unsafe.prefetchRead(Ljava/lang/Object;J)V name or signature does not match> (0x00000000eb307f98) thrown at [C:\re\workspace\8-2-build-windows-amd64-cygwin\jdk8u202\12323\hotspot\src\share\vm\prim
Event: 0.090 Thread 0x000000000328e800 Exception <a 'java/security/PrivilegedActionException'> (0x00000000eb38fdf0) thrown at [C:\re\workspace\8-2-build-windows-amd64-cygwin\jdk8u202\12323\hotspot\src\share\vm\prims\jvm.cpp, line 1502]
Event: 0.090 Thread 0x000000000328e800 Exception <a 'java/security/PrivilegedActionException'> (0x00000000eb390000) thrown at [C:\re\workspace\8-2-build-windows-amd64-cygwin\jdk8u202\12323\hotspot\src\share\vm\prims\jvm.cpp, line 1502]
Event: 0.091 Thread 0x000000000328e800 Exception <a 'java/security/PrivilegedActionException'> (0x00000000eb393f10) thrown at [C:\re\workspace\8-2-build-windows-amd64-cygwin\jdk8u202\12323\hotspot\src\share\vm\prims\jvm.cpp, line 1502]
Event: 0.091 Thread 0x000000000328e800 Exception <a 'java/security/PrivilegedActionException'> (0x00000000eb394120) thrown at [C:\re\workspace\8-2-build-windows-amd64-cygwin\jdk8u202\12323\hotspot\src\share\vm\prims\jvm.cpp, line 1502]
Event: 0.884 Thread 0x000000000328e800 Exception <a 'java/lang/NoSuchFieldError': method resolution failed> (0x00000000eb6843a0) thrown at [C:\re\workspace\8-2-build-windows-amd64-cygwin\jdk8u202\12323\hotspot\src\share\vm\prims\methodHandles.cpp, line 1167]
Event: 0.885 Thread 0x000000000328e800 Exception <a 'java/lang/NoSuchFieldError': method resolution failed> (0x00000000eb6917a0) thrown at [C:\re\workspace\8-2-build-windows-amd64-cygwin\jdk8u202\12323\hotspot\src\share\vm\prims\methodHandles.cpp, line 1167]

Events (10 events):
Event: 1.586 loading class coordinate/memory/type/MemoryAllocator
Event: 1.586 loading class coordinate/memory/type/MemoryAllocator done
Event: 1.587 loading class coordinate/memory/type/MemoryRegion
Event: 1.587 loading class coordinate/memory/type/MemoryRegion done
Event: 1.588 loading class coordinate/memory/type/MemoryAllocator$MemoryNativeAddressImpl
Event: 1.588 loading class coordinate/memory/type/MemoryAllocator$MemoryNativeAddressImpl done
Event: 1.589 loading class wrapper/core/CKernel
Event: 1.589 loading class wrapper/core/CKernel done
Event: 1.590 loading class java/nio/DirectIntBufferU
Event: 1.590 loading class java/nio/DirectIntBufferU done


Dynamic libraries:
0x00007ff7c13f0000 - 0x00007ff7c1427000 	C:\Program Files\Java\jdk1.8.0_202\bin\java.exe
0x00007ff8e70d0000 - 0x00007ff8e72c8000 	C:\WINDOWS\SYSTEM32\ntdll.dll
0x00007ff8e6a20000 - 0x00007ff8e6add000 	C:\WINDOWS\System32\KERNEL32.DLL
0x00007ff8e4c50000 - 0x00007ff8e4f46000 	C:\WINDOWS\System32\KERNELBASE.dll
0x00007ff8e6840000 - 0x00007ff8e68ef000 	C:\WINDOWS\System32\ADVAPI32.dll
0x00007ff8e57e0000 - 0x00007ff8e587e000 	C:\WINDOWS\System32\msvcrt.dll
0x00007ff8e6e40000 - 0x00007ff8e6edc000 	C:\WINDOWS\System32\sechost.dll
0x00007ff8e6f60000 - 0x00007ff8e7086000 	C:\WINDOWS\System32\RPCRT4.dll
0x00007ff8e64d0000 - 0x00007ff8e666e000 	C:\WINDOWS\System32\USER32.dll
0x00007ff8e4b80000 - 0x00007ff8e4ba2000 	C:\WINDOWS\System32\win32u.dll
0x00007ff8e6030000 - 0x00007ff8e605c000 	C:\WINDOWS\System32\GDI32.dll
0x00007ff8e4960000 - 0x00007ff8e4a7a000 	C:\WINDOWS\System32\gdi32full.dll
0x00007ff8e4bb0000 - 0x00007ff8e4c4d000 	C:\WINDOWS\System32\msvcp_win.dll
0x00007ff8e4a80000 - 0x00007ff8e4b80000 	C:\WINDOWS\System32\ucrtbase.dll
0x00007ff8d13e0000 - 0x00007ff8d167a000 	C:\WINDOWS\WinSxS\amd64_microsoft.windows.common-controls_6595b64144ccf1df_6.0.19041.3636_none_60b6a03d71f818d5\COMCTL32.dll
0x00007ff8e5130000 - 0x00007ff8e5160000 	C:\WINDOWS\System32\IMM32.DLL
0x000000006bd10000 - 0x000000006bde2000 	C:\Program Files\Java\jdk1.8.0_202\jre\bin\msvcr100.dll
0x000000006bdf0000 - 0x000000006c695000 	C:\Program Files\Java\jdk1.8.0_202\jre\bin\server\jvm.dll
0x00007ff8e67d0000 - 0x00007ff8e67d8000 	C:\WINDOWS\System32\PSAPI.DLL
0x00007ff8cb0b0000 - 0x00007ff8cb0b9000 	C:\WINDOWS\SYSTEM32\WSOCK32.dll
0x00007ff8de890000 - 0x00007ff8de89a000 	C:\WINDOWS\SYSTEM32\VERSION.dll
0x00007ff8e6ef0000 - 0x00007ff8e6f5b000 	C:\WINDOWS\System32\WS2_32.dll
0x00007ff8c48e0000 - 0x00007ff8c4907000 	C:\WINDOWS\SYSTEM32\WINMM.dll
0x00007ff8a0ba0000 - 0x00007ff8a0baf000 	C:\Program Files\Java\jdk1.8.0_202\jre\bin\verify.dll
0x00007ff8a0b70000 - 0x00007ff8a0b99000 	C:\Program Files\Java\jdk1.8.0_202\jre\bin\java.dll
0x00007ff8a0b50000 - 0x00007ff8a0b66000 	C:\Program Files\Java\jdk1.8.0_202\jre\bin\zip.dll
0x00007ff8e5880000 - 0x00007ff8e5fc5000 	C:\WINDOWS\System32\SHELL32.dll
0x00007ff8e2890000 - 0x00007ff8e302b000 	C:\WINDOWS\SYSTEM32\windows.storage.dll
0x00007ff8e6ae0000 - 0x00007ff8e6e34000 	C:\WINDOWS\System32\combase.dll
0x00007ff8e4110000 - 0x00007ff8e413d000 	C:\WINDOWS\SYSTEM32\Wldp.dll
0x00007ff8e6670000 - 0x00007ff8e671d000 	C:\WINDOWS\System32\SHCORE.dll
0x00007ff8e5250000 - 0x00007ff8e52a5000 	C:\WINDOWS\System32\shlwapi.dll
0x00007ff8e46e0000 - 0x00007ff8e4705000 	C:\WINDOWS\SYSTEM32\profapi.dll
0x00007ff8cd360000 - 0x00007ff8cd39d000 	C:\Users\user\AppData\Local\Temp\JOCL_2_0_0-windows-x86_64.dll
0x00007ff8e4500000 - 0x00007ff8e450c000 	C:\WINDOWS\SYSTEM32\CRYPTBASE.DLL
0x00007ff878c90000 - 0x00007ff878d0c000 	C:\WINDOWS\SYSTEM32\OpenCL.dll
0x00007ff8e47b0000 - 0x00007ff8e47fe000 	C:\WINDOWS\System32\CFGMGR32.dll
0x00007ff8e5590000 - 0x00007ff8e56bb000 	C:\WINDOWS\System32\ole32.dll
0x00007ff8e2690000 - 0x00007ff8e26a2000 	C:\WINDOWS\SYSTEM32\kernel.appcore.dll
0x00007ff8e50a0000 - 0x00007ff8e5122000 	C:\WINDOWS\System32\bcryptPrimitives.dll
0x00007ff8e5460000 - 0x00007ff8e5509000 	C:\WINDOWS\System32\clbcatq.dll
0x00007ff8e3070000 - 0x00007ff8e3163000 	C:\WINDOWS\SYSTEM32\dxgi.dll
0x00007ff87a440000 - 0x00007ff87a99b000 	C:\WINDOWS\System32\DriverStore\FileRepository\iigd_dch.inf_amd64_51f685305808e3a5\igdrcl64.dll
0x00007ff8d9e40000 - 0x00007ff8da249000 	C:\WINDOWS\System32\DriverStore\FileRepository\iigd_dch.inf_amd64_51f685305808e3a5\igdgmm64.dll
0x00007ff8daa20000 - 0x00007ff8daa5b000 	C:\WINDOWS\SYSTEM32\dxcore.dll
0x00007ff8a0ca0000 - 0x00007ff8a0da4000 	C:\WINDOWS\System32\DriverStore\FileRepository\iigd_dch.inf_amd64_51f685305808e3a5\igdfcl64.dll
0x00007ff8d66a0000 - 0x00007ff8d9e34000 	C:\WINDOWS\System32\DriverStore\FileRepository\iigd_dch.inf_amd64_51f685305808e3a5\igc64.dll
0x00007ff8680a0000 - 0x00007ff8688e9000 	C:\WINDOWS\System32\DriverStore\FileRepository\u0390451.inf_amd64_39377efdd62734d1\B390182\amdocl64.dll
0x00007ff8e6060000 - 0x00007ff8e64ce000 	C:\WINDOWS\System32\SETUPAPI.dll
0x00007ff8e4f50000 - 0x00007ff8e4f77000 	C:\WINDOWS\System32\bcrypt.dll
0x00007ff8c0ff0000 - 0x00007ff8c1115000 	C:\WINDOWS\SYSTEM32\OPENGL32.dll
0x00007ff8c1720000 - 0x00007ff8c174c000 	C:\WINDOWS\SYSTEM32\GLU32.dll
0x00007ff8e24b0000 - 0x00007ff8e24df000 	C:\WINDOWS\SYSTEM32\dwmapi.dll
0x00007ff8e44c0000 - 0x00007ff8e44f3000 	C:\WINDOWS\System32\DEVOBJ.dll
0x00007ff8e5030000 - 0x00007ff8e5097000 	C:\WINDOWS\System32\WINTRUST.dll
0x00007ff8e4800000 - 0x00007ff8e495d000 	C:\WINDOWS\System32\CRYPT32.dll
0x00007ff8e4300000 - 0x00007ff8e4312000 	C:\WINDOWS\System32\MSASN1.dll
0x00007ff8640d0000 - 0x00007ff868094000 	C:\WINDOWS\System32\DriverStore\FileRepository\u0390451.inf_amd64_39377efdd62734d1\B390182\amdhsail64.dll
0x00007ff85e930000 - 0x00007ff8640c5000 	C:\WINDOWS\System32\DriverStore\FileRepository\u0390451.inf_amd64_39377efdd62734d1\B390182\amd_comgr.dll
0x00007ff8e68f0000 - 0x00007ff8e69bd000 	C:\WINDOWS\System32\OLEAUT32.dll
0x00007ff8e4070000 - 0x00007ff8e4088000 	C:\WINDOWS\SYSTEM32\CRYPTSP.dll
0x00007ff8e37b0000 - 0x00007ff8e37e4000 	C:\WINDOWS\system32\rsaenh.dll
0x00007ff8e4660000 - 0x00007ff8e468e000 	C:\WINDOWS\SYSTEM32\USERENV.dll
0x00007ff8a0b00000 - 0x00007ff8a0b1a000 	C:\Program Files\Java\jdk1.8.0_202\jre\bin\net.dll
0x00007ff8d3b90000 - 0x00007ff8d3d7d000 	C:\WINDOWS\SYSTEM32\urlmon.dll
0x00007ff8d3b40000 - 0x00007ff8d3b68000 	C:\WINDOWS\SYSTEM32\srvcli.dll
0x00007ff8d4130000 - 0x00007ff8d43ec000 	C:\WINDOWS\SYSTEM32\iertutil.dll
0x00007ff8e3c80000 - 0x00007ff8e3c8c000 	C:\WINDOWS\SYSTEM32\netutils.dll
0x00007ff8e3e80000 - 0x00007ff8e3eea000 	C:\WINDOWS\system32\mswsock.dll
0x00007ff8e3b70000 - 0x00007ff8e3bab000 	C:\WINDOWS\SYSTEM32\IPHLPAPI.DLL
0x00007ff8e6ee0000 - 0x00007ff8e6ee8000 	C:\WINDOWS\System32\NSI.dll
0x00007ff8dc030000 - 0x00007ff8dc047000 	C:\WINDOWS\SYSTEM32\dhcpcsvc6.DLL
0x00007ff8dd660000 - 0x00007ff8dd67d000 	C:\WINDOWS\SYSTEM32\dhcpcsvc.DLL
0x00007ff8e3bb0000 - 0x00007ff8e3c7a000 	C:\WINDOWS\SYSTEM32\DNSAPI.dll
0x00007ff8a0ae0000 - 0x00007ff8a0af2000 	C:\Program Files\Java\jdk1.8.0_202\jre\bin\nio.dll
0x00007ff8dca90000 - 0x00007ff8dcc74000 	C:\WINDOWS\SYSTEM32\dbghelp.dll

VM Arguments:
jvm_args: -Dfile.encoding=UTF-8 -Xmx1000m 
java_command: svm.SimpleJOCL
java_class_path (initial): C:\Users\user\Documents\GitHub\Coordinate\build\classes;C:\Users\user\Documents\Java\JOCL\jocl-2.0.0.jar;C:\Users\user\Documents\Java\JOCL\JOCL-structs-0.0.1a-alpha.jar;C:\Users\user\Documents\GitHub\JOCLWrapper\build\classes;C:\Users\user\Documents\GitHub\JOCLWrapper\build\test\classes
Launcher Type: SUN_STANDARD

Environment Variables:
JAVA_HOME=C:\Program Files\Java\jdk1.8.0_144
PATH=C:\Program Files (x86)\Common Files\Intel\Shared Libraries\redist\intel64\mpirt;C:\Program Files (x86)\Common Files\Intel\Shared Libraries\redist\intel64\compiler;C:\Program Files (x86)\Common Files\Oracle\Java\javapath;C:\ProgramData\Oracle\Java\javapath;C:\WINDOWS\system32;C:\WINDOWS;C:\WINDOWS\System32\Wbem;C:\WINDOWS\System32\WindowsPowerShell\v1.0\;C:\Program Files\LuxRender;C:\WINDOWS\System32\OpenSSH\;C:\Program Files\apache-maven-3.6.3\bin;C:\Program Files\Microsoft SQL Server\120\Tools\Binn\;C:\Program Files\nodejs\;C:\Users\user\AppData\Local\Microsoft\WindowsApps;C:\Users\user\AppData\Local\GitHubDesktop\bin;C:\Users\user\AppData\Local\Microsoft\WindowsApps;;C:\Users\user\AppData\Local\Programs\Microsoft VS Code\bin;C:\Users\user\AppData\Roaming\npm
USERNAME=user
OS=Windows_NT
PROCESSOR_IDENTIFIER=Intel64 Family 6 Model 94 Stepping 3, GenuineIntel



---------------  S Y S T E M  ---------------

OS: Windows 10.0 , 64 bit Build 19041 (10.0.19041.3636)

CPU:total 4 (initial active 4) (4 cores per cpu, 1 threads per core) family 6 model 94 stepping 3, cmov, cx8, fxsr, mmx, sse, sse2, sse3, ssse3, sse4.1, sse4.2, popcnt, avx, avx2, aes, clmul, erms, 3dnowpref, lzcnt, tsc, tscinvbit, bmi1, bmi2, adx

Memory: 4k page, physical 16633860k(8016180k free), swap 19124228k(6346428k free)

vm_info: Java HotSpot(TM) 64-Bit Server VM (25.202-b08) for windows-amd64 JRE (1.8.0_202-b08), built on Dec 15 2018 19:54:30 by "java_re" with MS VC++ 10.0 (VS2010)

time: Sun Dec 31 18:49:06 2023
timezone: E. Africa Standard Time
elapsed time: 1 seconds (0d 0h 0m 1s)

