#
# A fatal error has been detected by the Java Runtime Environment:
#
#  EXCEPTION_ACCESS_VIOLATION (0xc0000005) at pc=0x00007ffbe71c3ebc, pid=19684, tid=0x00000000000003c8
#
# JRE version: Java(TM) SE Runtime Environment (8.0_202-b08) (build 1.8.0_202-b08)
# Java VM: Java HotSpot(TM) 64-Bit Server VM (25.202-b08 mixed mode windows-amd64 compressed oops)
# Problematic frame:
# C  [amdocl64.dll+0x3a3ebc]
#
# Failed to write core dump. Minidumps are not enabled by default on client versions of Windows
#
# If you would like to submit a bug report, please visit:
#   http://bugreport.java.com/bugreport/crash.jsp
# The crash happened outside the Java Virtual Machine in native code.
# See problematic frame for where to report the bug.
#

---------------  T H R E A D  ---------------

Current thread (0x0000000000fae800):  JavaThread "main" [_thread_in_native, id=968, stack(0x0000000002c30000,0x0000000002d30000)]

siginfo: ExceptionCode=0xc0000005, reading address 0x00000005e0d80000

Registers:
RAX=0x0000000300d80000, RBX=0x0000000000000003, RCX=0x0000000300d80000, RDX=0x00000005e0d80000
RSP=0x0000000002d2ed48, RBP=0x0000000002d2edc9, RSI=0x0000000300d80000, RDI=0x00000000192b4c70
R8 =0x0000000077359400, R9 =0x0000000000000000, R10=0x00007ffbe6e20000, R11=0x0000000000000246
R12=0x0000000000000001, R13=0x0000000000000000, R14=0x0000000018fc2ac0, R15=0x0000000018ed2ba0
RIP=0x00007ffbe71c3ebc, EFLAGS=0x0000000000010206

Top of Stack: (sp=0x0000000002d2ed48)
0x0000000002d2ed48:   00007ffbe6f1d59b 0000000000000003
0x0000000002d2ed58:   0000000002d2edc9 0000000000000000
0x0000000002d2ed68:   00000000192b4c70 0000000000000000
0x0000000002d2ed78:   0000000000000000 0000000018fc2ac0
0x0000000002d2ed88:   0000000000000000 0000000000000000
0x0000000002d2ed98:   00000000192b4c70 0000000000000000
0x0000000002d2eda8:   0000000000000020 0000000000000018
0x0000000002d2edb8:   0000000018fc2ac0 0000000000000000
0x0000000002d2edc8:   0000000000000000 0000000018fc2b48
0x0000000002d2edd8:   0000000077359400 0000d89c92623c13
0x0000000002d2ede8:   0000000000000000 0000000000000000
0x0000000002d2edf8:   0000000000000001 0000000000000000
0x0000000002d2ee08:   0000000000000000 0000000018fc2ac0
0x0000000002d2ee18:   0000000000000000 0000000000000001
0x0000000002d2ee28:   00007ffbe6f1db49 0000000000000000
0x0000000002d2ee38:   0000000000000000 0000000018ed2ba0 

Instructions: (pc=0x00007ffbe71c3ebc)
0x00007ffbe71c3e9c:   00 49 81 f8 00 20 00 00 76 16 49 81 f8 00 00 18
0x00007ffbe71c3eac:   00 77 0d f6 05 1e 2b 47 00 02 0f 85 64 fe ff ff
0x00007ffbe71c3ebc:   c5 fe 6f 02 c4 a1 7e 6f 6c 02 e0 49 81 f8 00 01
0x00007ffbe71c3ecc:   00 00 0f 86 c4 00 00 00 4c 8b c9 49 83 e1 1f 49 


Register to memory mapping:

RAX=0x0000000300d80000 is an unknown value
RBX=0x0000000000000003 is an unknown value
RCX=0x0000000300d80000 is an unknown value
RDX=0x00000005e0d80000 is an unknown value
RSP=0x0000000002d2ed48 is pointing into the stack for thread: 0x0000000000fae800
RBP=0x0000000002d2edc9 is pointing into the stack for thread: 0x0000000000fae800
RSI=0x0000000300d80000 is an unknown value
RDI=0x00000000192b4c70 is an unknown value
R8 =0x0000000077359400 is an unknown value
R9 =0x0000000000000000 is an unknown value
R10=0x00007ffbe6e20000 is an unknown value
R11=0x0000000000000246 is an unknown value
R12=0x0000000000000001 is an unknown value
R13=0x0000000000000000 is an unknown value
R14=0x0000000018fc2ac0 is an unknown value
R15=0x0000000018ed2ba0 is an unknown value


Stack: [0x0000000002c30000,0x0000000002d30000],  sp=0x0000000002d2ed48,  free space=1019k
Native frames: (J=compiled Java code, j=interpreted, Vv=VM code, C=native code)
C  [amdocl64.dll+0x3a3ebc]
C  [amdocl64.dll+0xfd59b]
C  [amdocl64.dll+0xfdb49]
C  [amdocl64.dll+0xceeba]
C  [amdocl64.dll+0xce33a]
C  [amdocl64.dll+0x12144e]
C  [amdocl64.dll+0xba031]
C  [JOCL_2_0_0-windows-x86_64.dll+0x957d]
C  0x0000000002ec8c67

Java frames: (J=compiled Java code, j=interpreted, Vv=VM code)
j  org.jocl.CL.clEnqueueSVMMapNative(Lorg/jocl/cl_command_queue;ZJLorg/jocl/Pointer;JI[Lorg/jocl/cl_event;Lorg/jocl/cl_event;)I+0
j  org.jocl.CL.clEnqueueSVMMap(Lorg/jocl/cl_command_queue;ZJLorg/jocl/Pointer;JI[Lorg/jocl/cl_event;Lorg/jocl/cl_event;)I+13
j  wrapper.core.SVMNative.enqueueRead()V+28
j  wrapper.core.SVMNative.read(J)Lcoordinate/memory/type/StructBase;+1
j  wrapper.core.CMemorySkeleton.readLast()Lcoordinate/memory/type/StructBase;+9
j  nativememory.algorithms.CPartitionInteger.execute()I+203
j  nativememory.algorithms.TestAlgorithms.lambda$test7$6(Lnativememory/algorithms/CPartitionInteger;)V+1
j  nativememory.algorithms.TestAlgorithms$$Lambda$14.execute()V+4
j  coordinate.utility.Timer.timeThis(Lcoordinate/utility/Timer$TimerCallBack;)Lcoordinate/utility/Timer;+13
j  nativememory.algorithms.TestAlgorithms.test7()V+99
j  nativememory.algorithms.TestAlgorithms.main([Ljava/lang/String;)V+0
v  ~StubRoutines::call_stub

---------------  P R O C E S S  ---------------

Java Threads: ( => current thread )
  0x00000000171db800 JavaThread "Sweeper cleaner" daemon [_thread_blocked, id=19292, stack(0x00000000643c0000,0x00000000644c0000)]
  0x0000000016e20800 JavaThread "Service Thread" daemon [_thread_blocked, id=12936, stack(0x00000000171f0000,0x00000000172f0000)]
  0x00000000154b4000 JavaThread "C1 CompilerThread2" daemon [_thread_blocked, id=2268, stack(0x0000000016cf0000,0x0000000016df0000)]
  0x00000000154ab000 JavaThread "C2 CompilerThread1" daemon [_thread_blocked, id=9456, stack(0x0000000016bf0000,0x0000000016cf0000)]
  0x00000000154a5800 JavaThread "C2 CompilerThread0" daemon [_thread_blocked, id=9824, stack(0x0000000016af0000,0x0000000016bf0000)]
  0x00000000154a3000 JavaThread "Attach Listener" daemon [_thread_blocked, id=11928, stack(0x00000000169f0000,0x0000000016af0000)]
  0x00000000154a1800 JavaThread "Signal Dispatcher" daemon [_thread_blocked, id=17848, stack(0x00000000168f0000,0x00000000169f0000)]
  0x0000000002eaa800 JavaThread "Finalizer" daemon [_thread_blocked, id=132, stack(0x00000000166f0000,0x00000000167f0000)]
  0x0000000002ea2000 JavaThread "Reference Handler" daemon [_thread_blocked, id=12008, stack(0x00000000165f0000,0x00000000166f0000)]
=>0x0000000000fae800 JavaThread "main" [_thread_in_native, id=968, stack(0x0000000002c30000,0x0000000002d30000)]

Other Threads:
  0x0000000015467000 VMThread [stack: 0x00000000164f0000,0x00000000165f0000] [id=360]
  0x00000000154fb800 WatcherThread [stack: 0x00000000172f0000,0x00000000173f0000] [id=5460]

VM state:not at safepoint (normal execution)

VM Mutex/Monitor currently owned by a thread: None

heap address: 0x00000000c1800000, size: 1000 MB, Compressed Oops mode: 32-bit
Narrow klass base: 0x0000000000000000, Narrow klass shift: 3
Compressed class space size: 1073741824 Address: 0x0000000100000000

Heap:
 PSYoungGen      total 75776K, used 6502K [0x00000000eb300000, 0x00000000f0780000, 0x0000000100000000)
  eden space 65024K, 10% used [0x00000000eb300000,0x00000000eb959bf0,0x00000000ef280000)
  from space 10752K, 0% used [0x00000000efd00000,0x00000000efd00000,0x00000000f0780000)
  to   space 10752K, 0% used [0x00000000ef280000,0x00000000ef280000,0x00000000efd00000)
 ParOldGen       total 173568K, used 0K [0x00000000c1800000, 0x00000000cc180000, 0x00000000eb300000)
  object space 173568K, 0% used [0x00000000c1800000,0x00000000c1800000,0x00000000cc180000)
 Metaspace       used 5634K, capacity 5784K, committed 5888K, reserved 1056768K
  class space    used 650K, capacity 718K, committed 768K, reserved 1048576K

Card table byte_map: [0x0000000012270000,0x0000000012470000] byte_map_base: 0x0000000011c64000

Marking Bits: (ParMarkBitMap*) 0x0000000065825ce0
 Begin Bits: [0x00000000129c0000, 0x0000000013960000)
 End Bits:   [0x0000000013960000, 0x0000000014900000)

Polling page: 0x0000000000f50000

CodeCache: size=245760Kb used=1867Kb max_used=1867Kb free=243892Kb
 bounds [0x0000000002eb0000, 0x0000000003120000, 0x0000000011eb0000]
 total_blobs=711 nmethods=384 adapters=240
 compilation: enabled

Compilation events (10 events):
Event: 1.777 Thread 0x00000000154b4000  380   !   3       java.net.URL::<init> (543 bytes)
Event: 1.779 Thread 0x00000000154b4000 nmethod 380 0x000000000307c8d0 code [0x000000000307cd80, 0x000000000307fd68]
Event: 1.779 Thread 0x00000000154b4000  379       3       java.net.URL::<init> (8 bytes)
Event: 1.779 Thread 0x00000000154b4000 nmethod 379 0x0000000003082050 code [0x00000000030821c0, 0x0000000003082348]
Event: 1.782 Thread 0x00000000154b4000  381       3       jdk.internal.org.objectweb.asm.Item::<init> (5 bytes)
Event: 1.782 Thread 0x00000000154b4000 nmethod 381 0x00000000030823d0 code [0x0000000003082520, 0x00000000030826d0]
Event: 1.782 Thread 0x00000000154b4000  382       3       jdk.internal.org.objectweb.asm.Label::<init> (5 bytes)
Event: 1.782 Thread 0x00000000154b4000 nmethod 382 0x0000000003082790 code [0x00000000030828e0, 0x0000000003082a90]
Event: 1.870 Thread 0x00000000154b4000  383       3       java.util.ArrayList::add (29 bytes)
Event: 1.871 Thread 0x00000000154b4000 nmethod 383 0x0000000003082b50 code [0x0000000003082d00, 0x0000000003083288]

GC Heap History (0 events):
No events

Deoptimization events (0 events):
No events

Classes redefined (0 events):
No events

Internal exceptions (8 events):
Event: 0.033 Thread 0x0000000000fae800 Exception <a 'java/lang/NoSuchMethodError': Method sun.misc.Unsafe.defineClass(Ljava/lang/String;[BII)Ljava/lang/Class; name or signature does not match> (0x00000000eb307cb0) thrown at [C:\re\workspace\8-2-build-windows-amd64-cygwin\jdk8u202\12323\hotspot
Event: 0.033 Thread 0x0000000000fae800 Exception <a 'java/lang/NoSuchMethodError': Method sun.misc.Unsafe.prefetchRead(Ljava/lang/Object;J)V name or signature does not match> (0x00000000eb307f98) thrown at [C:\re\workspace\8-2-build-windows-amd64-cygwin\jdk8u202\12323\hotspot\src\share\vm\prim
Event: 0.097 Thread 0x0000000000fae800 Exception <a 'java/security/PrivilegedActionException'> (0x00000000eb396d98) thrown at [C:\re\workspace\8-2-build-windows-amd64-cygwin\jdk8u202\12323\hotspot\src\share\vm\prims\jvm.cpp, line 1502]
Event: 0.097 Thread 0x0000000000fae800 Exception <a 'java/security/PrivilegedActionException'> (0x00000000eb396fa8) thrown at [C:\re\workspace\8-2-build-windows-amd64-cygwin\jdk8u202\12323\hotspot\src\share\vm\prims\jvm.cpp, line 1502]
Event: 0.097 Thread 0x0000000000fae800 Exception <a 'java/security/PrivilegedActionException'> (0x00000000eb39aeb8) thrown at [C:\re\workspace\8-2-build-windows-amd64-cygwin\jdk8u202\12323\hotspot\src\share\vm\prims\jvm.cpp, line 1502]
Event: 0.097 Thread 0x0000000000fae800 Exception <a 'java/security/PrivilegedActionException'> (0x00000000eb39b0c8) thrown at [C:\re\workspace\8-2-build-windows-amd64-cygwin\jdk8u202\12323\hotspot\src\share\vm\prims\jvm.cpp, line 1502]
Event: 0.802 Thread 0x0000000000fae800 Exception <a 'java/lang/NoSuchFieldError': method resolution failed> (0x00000000eb69ddc0) thrown at [C:\re\workspace\8-2-build-windows-amd64-cygwin\jdk8u202\12323\hotspot\src\share\vm\prims\methodHandles.cpp, line 1167]
Event: 0.803 Thread 0x0000000000fae800 Exception <a 'java/lang/NoSuchFieldError': method resolution failed> (0x00000000eb6ab1c0) thrown at [C:\re\workspace\8-2-build-windows-amd64-cygwin\jdk8u202\12323\hotspot\src\share\vm\prims\methodHandles.cpp, line 1167]

Events (10 events):
Event: 1.781 loading class nativememory/algorithms/CPartitionInteger
Event: 1.781 loading class nativememory/algorithms/CPartitionInteger done
Event: 1.781 loading class nativememory/algorithms/CPartitionInteger
Event: 1.781 loading class nativememory/algorithms/CPartitionInteger done
Event: 1.781 loading class coordinate/utility/Timer$TimerCallBack
Event: 1.781 loading class coordinate/utility/Timer$TimerCallBack done
Event: 1.782 loading class coordinate/utility/Timer
Event: 1.782 loading class coordinate/utility/Timer done
Event: 4.105 Executing VM operation: EnableBiasedLocking
Event: 4.105 Executing VM operation: EnableBiasedLocking done


Dynamic libraries:
0x00007ff6ce5c0000 - 0x00007ff6ce5f7000 	C:\Program Files\Java\jdk1.8.0_202\bin\java.exe
0x00007ffc6be30000 - 0x00007ffc6c027000 	C:\WINDOWS\SYSTEM32\ntdll.dll
0x00007ffc6ae30000 - 0x00007ffc6aeed000 	C:\WINDOWS\System32\KERNEL32.DLL
0x00007ffc69b90000 - 0x00007ffc69e86000 	C:\WINDOWS\System32\KERNELBASE.dll
0x00007ffc6b590000 - 0x00007ffc6b63e000 	C:\WINDOWS\System32\ADVAPI32.dll
0x00007ffc6bbd0000 - 0x00007ffc6bc6e000 	C:\WINDOWS\System32\msvcrt.dll
0x00007ffc6a5e0000 - 0x00007ffc6a67c000 	C:\WINDOWS\System32\sechost.dll
0x00007ffc6b7d0000 - 0x00007ffc6b8f6000 	C:\WINDOWS\System32\RPCRT4.dll
0x00007ffc6ba30000 - 0x00007ffc6bbce000 	C:\WINDOWS\System32\USER32.dll
0x00007ffc69610000 - 0x00007ffc69632000 	C:\WINDOWS\System32\win32u.dll
0x00007ffc6b440000 - 0x00007ffc6b46c000 	C:\WINDOWS\System32\GDI32.dll
0x00007ffc698e0000 - 0x00007ffc699fa000 	C:\WINDOWS\System32\gdi32full.dll
0x00007ffc69640000 - 0x00007ffc696dd000 	C:\WINDOWS\System32\msvcp_win.dll
0x00007ffc696e0000 - 0x00007ffc697e0000 	C:\WINDOWS\System32\ucrtbase.dll
0x00007ffc56c60000 - 0x00007ffc56efa000 	C:\WINDOWS\WinSxS\amd64_microsoft.windows.common-controls_6595b64144ccf1df_6.0.19041.3570_none_60bb2a3971f3e41a\COMCTL32.dll
0x00007ffc6ad90000 - 0x00007ffc6adc0000 	C:\WINDOWS\System32\IMM32.DLL
0x0000000064f20000 - 0x0000000064ff2000 	C:\Program Files\Java\jdk1.8.0_202\jre\bin\msvcr100.dll
0x0000000065000000 - 0x00000000658a5000 	C:\Program Files\Java\jdk1.8.0_202\jre\bin\server\jvm.dll
0x00007ffc6af70000 - 0x00007ffc6af78000 	C:\WINDOWS\System32\PSAPI.DLL
0x00007ffc66dd0000 - 0x00007ffc66dd9000 	C:\WINDOWS\SYSTEM32\WSOCK32.dll
0x00007ffc64950000 - 0x00007ffc64977000 	C:\WINDOWS\SYSTEM32\WINMM.dll
0x00007ffc630d0000 - 0x00007ffc630da000 	C:\WINDOWS\SYSTEM32\VERSION.dll
0x00007ffc6bc70000 - 0x00007ffc6bcdb000 	C:\WINDOWS\System32\WS2_32.dll
0x00007ffc66d70000 - 0x00007ffc66d7f000 	C:\Program Files\Java\jdk1.8.0_202\jre\bin\verify.dll
0x00007ffc644e0000 - 0x00007ffc64509000 	C:\Program Files\Java\jdk1.8.0_202\jre\bin\java.dll
0x00007ffc610e0000 - 0x00007ffc610f6000 	C:\Program Files\Java\jdk1.8.0_202\jre\bin\zip.dll
0x00007ffc69e90000 - 0x00007ffc6a5d4000 	C:\WINDOWS\System32\SHELL32.dll
0x00007ffc675d0000 - 0x00007ffc67d6b000 	C:\WINDOWS\SYSTEM32\windows.storage.dll
0x00007ffc6b0c0000 - 0x00007ffc6b414000 	C:\WINDOWS\System32\combase.dll
0x00007ffc68e80000 - 0x00007ffc68ead000 	C:\WINDOWS\SYSTEM32\Wldp.dll
0x00007ffc6bce0000 - 0x00007ffc6bd8d000 	C:\WINDOWS\System32\SHCORE.dll
0x00007ffc6b060000 - 0x00007ffc6b0b5000 	C:\WINDOWS\System32\shlwapi.dll
0x00007ffc69440000 - 0x00007ffc69465000 	C:\WINDOWS\SYSTEM32\profapi.dll
0x00007ffc5aed0000 - 0x00007ffc5af0d000 	C:\Users\user\AppData\Local\Temp\JOCL_2_0_0-windows-x86_64.dll
0x00007ffc68dd0000 - 0x00007ffc68ddc000 	C:\WINDOWS\SYSTEM32\CRYPTBASE.DLL
0x00007ffc3acd0000 - 0x00007ffc3ad4c000 	C:\WINDOWS\SYSTEM32\OpenCL.dll
0x00007ffc695c0000 - 0x00007ffc6960e000 	C:\WINDOWS\System32\CFGMGR32.dll
0x00007ffc6b900000 - 0x00007ffc6ba2b000 	C:\WINDOWS\System32\ole32.dll
0x00007ffc673d0000 - 0x00007ffc673e2000 	C:\WINDOWS\SYSTEM32\kernel.appcore.dll
0x00007ffc69850000 - 0x00007ffc698d2000 	C:\WINDOWS\System32\bcryptPrimitives.dll
0x00007ffc6b720000 - 0x00007ffc6b7c9000 	C:\WINDOWS\System32\clbcatq.dll
0x00007ffc67ed0000 - 0x00007ffc67fc3000 	C:\WINDOWS\SYSTEM32\dxgi.dll
0x00007ffbe7b10000 - 0x00007ffbe806b000 	C:\WINDOWS\System32\DriverStore\FileRepository\iigd_dch.inf_amd64_51f685305808e3a5\igdrcl64.dll
0x00007ffc5eba0000 - 0x00007ffc5efa9000 	C:\WINDOWS\System32\DriverStore\FileRepository\iigd_dch.inf_amd64_51f685305808e3a5\igdgmm64.dll
0x00007ffc5f7d0000 - 0x00007ffc5f80b000 	C:\WINDOWS\SYSTEM32\dxcore.dll
0x00007ffbf21f0000 - 0x00007ffbf22f4000 	C:\WINDOWS\System32\DriverStore\FileRepository\iigd_dch.inf_amd64_51f685305808e3a5\igdfcl64.dll
0x00007ffc5b400000 - 0x00007ffc5eb94000 	C:\WINDOWS\System32\DriverStore\FileRepository\iigd_dch.inf_amd64_51f685305808e3a5\igc64.dll
0x00007ffbe6e20000 - 0x00007ffbe7669000 	C:\WINDOWS\System32\DriverStore\FileRepository\u0390451.inf_amd64_39377efdd62734d1\B390182\amdocl64.dll
0x00007ffc6a6e0000 - 0x00007ffc6ab4e000 	C:\WINDOWS\System32\SETUPAPI.dll
0x00007ffc69b60000 - 0x00007ffc69b87000 	C:\WINDOWS\System32\bcrypt.dll
0x00007ffc4a470000 - 0x00007ffc4a595000 	C:\WINDOWS\SYSTEM32\OPENGL32.dll
0x00007ffc57860000 - 0x00007ffc5788c000 	C:\WINDOWS\SYSTEM32\GLU32.dll
0x00007ffc670e0000 - 0x00007ffc6710f000 	C:\WINDOWS\SYSTEM32\dwmapi.dll
0x00007ffc691d0000 - 0x00007ffc69203000 	C:\WINDOWS\System32\DEVOBJ.dll
0x00007ffc697e0000 - 0x00007ffc69847000 	C:\WINDOWS\System32\WINTRUST.dll
0x00007ffc69a00000 - 0x00007ffc69b5d000 	C:\WINDOWS\System32\CRYPT32.dll
0x00007ffc69010000 - 0x00007ffc69022000 	C:\WINDOWS\System32\MSASN1.dll
0x00007ffbd48a0000 - 0x00007ffbd8864000 	C:\WINDOWS\System32\DriverStore\FileRepository\u0390451.inf_amd64_39377efdd62734d1\B390182\amdhsail64.dll
0x00007ffbcf100000 - 0x00007ffbd4895000 	C:\WINDOWS\System32\DriverStore\FileRepository\u0390451.inf_amd64_39377efdd62734d1\B390182\amd_comgr.dll
0x00007ffc6af90000 - 0x00007ffc6b05d000 	C:\WINDOWS\System32\OLEAUT32.dll
0x00007ffc68de0000 - 0x00007ffc68df8000 	C:\WINDOWS\SYSTEM32\CRYPTSP.dll
0x00007ffc684f0000 - 0x00007ffc68524000 	C:\WINDOWS\system32\rsaenh.dll
0x00007ffc69400000 - 0x00007ffc6942e000 	C:\WINDOWS\SYSTEM32\USERENV.dll
0x00007ffc5b280000 - 0x00007ffc5b29a000 	C:\Program Files\Java\jdk1.8.0_202\jre\bin\net.dll
0x00007ffc59060000 - 0x00007ffc5924d000 	C:\WINDOWS\SYSTEM32\urlmon.dll
0x00007ffc59390000 - 0x00007ffc5964c000 	C:\WINDOWS\SYSTEM32\iertutil.dll
0x00007ffc59030000 - 0x00007ffc59059000 	C:\WINDOWS\SYSTEM32\srvcli.dll
0x00007ffc689e0000 - 0x00007ffc689ec000 	C:\WINDOWS\SYSTEM32\netutils.dll
0x00007ffc68be0000 - 0x00007ffc68c4a000 	C:\WINDOWS\system32\mswsock.dll
0x00007ffc688d0000 - 0x00007ffc6890b000 	C:\WINDOWS\SYSTEM32\IPHLPAPI.DLL
0x00007ffc6af80000 - 0x00007ffc6af88000 	C:\WINDOWS\System32\NSI.dll
0x00007ffc602c0000 - 0x00007ffc602d7000 	C:\WINDOWS\SYSTEM32\dhcpcsvc6.DLL
0x00007ffc60c00000 - 0x00007ffc60c1d000 	C:\WINDOWS\SYSTEM32\dhcpcsvc.DLL
0x00007ffc68910000 - 0x00007ffc689da000 	C:\WINDOWS\SYSTEM32\DNSAPI.dll
0x00007ffc5b100000 - 0x00007ffc5b112000 	C:\Program Files\Java\jdk1.8.0_202\jre\bin\nio.dll
0x00007ffc62130000 - 0x00007ffc62314000 	C:\WINDOWS\SYSTEM32\dbghelp.dll

VM Arguments:
jvm_args: -Dfile.encoding=UTF-8 -Xmx1000m 
java_command: nativememory.algorithms.TestAlgorithms
java_class_path (initial): C:\Users\user\Documents\GitHub\Coordinate\build\classes;C:\Users\user\Documents\Java\JOCL\jocl-2.0.0.jar;C:\Users\user\Documents\Java\JOCL\JOCL-structs-0.0.1a-alpha.jar;C:\Users\user\Documents\GitHub\JOCLWrapper\build\classes;C:\Users\user\Documents\GitHub\JOCLWrapper\build\test\classes
Launcher Type: SUN_STANDARD

Environment Variables:
JAVA_HOME=C:\Program Files\Java\jdk1.8.0_144
PATH=C:\Program Files (x86)\Common Files\Intel\Shared Libraries\redist\intel64\mpirt;C:\Program Files (x86)\Common Files\Intel\Shared Libraries\redist\intel64\compiler;C:\Program Files (x86)\Common Files\Oracle\Java\javapath;C:\ProgramData\Oracle\Java\javapath;C:\WINDOWS\system32;C:\WINDOWS;C:\WINDOWS\System32\Wbem;C:\WINDOWS\System32\WindowsPowerShell\v1.0\;C:\Program Files\LuxRender;C:\WINDOWS\System32\OpenSSH\;C:\Program Files\apache-maven-3.6.3\bin;C:\Program Files\Microsoft SQL Server\120\Tools\Binn\;C:\Program Files\nodejs\;C:\Users\user\AppData\Local\Microsoft\WindowsApps;C:\Users\user\AppData\Local\GitHubDesktop\bin;C:\Users\user\AppData\Local\Microsoft\WindowsApps;;C:\Users\user\AppData\Local\Programs\Microsoft VS Code\bin;C:\Users\user\AppData\Roaming\npm
USERNAME=user
OS=Windows_NT
PROCESSOR_IDENTIFIER=Intel64 Family 6 Model 94 Stepping 3, GenuineIntel



---------------  S Y S T E M  ---------------

OS: Windows 10.0 , 64 bit Build 19041 (10.0.19041.3570)

CPU:total 4 (initial active 4) (4 cores per cpu, 1 threads per core) family 6 model 94 stepping 3, cmov, cx8, fxsr, mmx, sse, sse2, sse3, ssse3, sse4.1, sse4.2, popcnt, avx, avx2, aes, clmul, erms, 3dnowpref, lzcnt, tsc, tscinvbit, bmi1, bmi2, adx

Memory: 4k page, physical 16633860k(4336392k free), swap 31289528k(263104k free)

vm_info: Java HotSpot(TM) 64-Bit Server VM (25.202-b08) for windows-amd64 JRE (1.8.0_202-b08), built on Dec 15 2018 19:54:30 by "java_re" with MS VC++ 10.0 (VS2010)

time: Fri Nov 17 23:48:51 2023
timezone: E. Africa Standard Time
elapsed time: 6 seconds (0d 0h 0m 6s)

