#
# A fatal error has been detected by the Java Runtime Environment:
#
#  EXCEPTION_ACCESS_VIOLATION (0xc0000005) at pc=0x0000000051b180bd, pid=17728, tid=0x0000000000001674
#
# JRE version: Java(TM) SE Runtime Environment (8.0_202-b08) (build 1.8.0_202-b08)
# Java VM: Java HotSpot(TM) 64-Bit Server VM (25.202-b08 mixed mode windows-amd64 compressed oops)
# Problematic frame:
# V  [jvm.dll+0x1e80bd]
#
# Failed to write core dump. Minidumps are not enabled by default on client versions of Windows
#
# If you would like to submit a bug report, please visit:
#   http://bugreport.java.com/bugreport/crash.jsp
#

---------------  T H R E A D  ---------------

Current thread (0x000000000319e800):  JavaThread "main" [_thread_in_vm, id=5748, stack(0x00000000031a0000,0x00000000032a0000)]

siginfo: ExceptionCode=0xc0000005, writing address 0x0000000400000000

Registers:
RAX=0x000000000319e800, RBX=0x000000000319e800, RCX=0x0000000000000007, RDX=0x000000000329f2d8
RSP=0x000000000329f1f0, RBP=0x000000000329f2a0, RSI=0x0000000400000000, RDI=0x0000000000000000
R8 =0x0000000400000000, R9 =0x0000000000000000, R10=0x00000000033b8c3b, R11=0x0000000051b5cf20
R12=0x0000000000000000, R13=0x000000001506ea58, R14=0x000000000329f2d8, R15=0x000000000319e800
RIP=0x0000000051b180bd, EFLAGS=0x0000000000010246

Top of Stack: (sp=0x000000000329f1f0)
0x000000000329f1f0:   00000000031995a0 000000000319e800
0x000000000329f200:   000000001506ea58 0000000000000020
0x000000000329f210:   00000000033a80e0 00000000033b8c67
0x000000000329f220:   000000001506ea58 0000000000000020
0x000000000329f230:   000000000319e800 000000001506ea58
0x000000000329f240:   0000000000000020 000000000319e800
0x000000000329f250:   000000000329f350 00000000033b8962
0x000000000329f260:   000000000329f260 000000001506ea58
0x000000000329f270:   000000000329f2d8 000000001509c588
0x000000000329f280:   0000000000000000 000000001506ea58
0x000000000329f290:   0000000000000000 000000000329f2c0
0x000000000329f2a0:   000000000329f320 00000000033a835d
0x000000000329f2b0:   0000000000000000 00000000033b21d8
0x000000000329f2c0:   0000000000000000 0000000400000000
0x000000000329f2d0:   00000000eb8dd480 00000000eb3089a8
0x000000000329f2e0:   000000000329f2e0 00000000154c687a 

Instructions: (pc=0x0000000051b180bd)
0x0000000051b1809d:   c1 05 00 c7 83 70 02 00 00 06 00 00 00 8b 0d 68
0x0000000051b180ad:   3a 5d 00 ff 15 3a a3 3f 00 c6 80 94 02 00 00 01
0x0000000051b180bd:   89 3e c6 80 94 02 00 00 00 48 8b 7b 48 48 8b 47
0x0000000051b180cd:   10 48 8b 77 08 48 83 38 00 74 15 48 8b 57 28 48 


Register to memory mapping:

RAX=0x000000000319e800 is a thread
RBX=0x000000000319e800 is a thread
RCX=0x0000000000000007 is an unknown value
RDX=0x000000000329f2d8 is pointing into the stack for thread: 0x000000000319e800
RSP=0x000000000329f1f0 is pointing into the stack for thread: 0x000000000319e800
RBP=0x000000000329f2a0 is pointing into the stack for thread: 0x000000000319e800
RSI=0x0000000400000000 is an unknown value
RDI=0x0000000000000000 is an unknown value
R8 =0x0000000400000000 is an unknown value
R9 =0x0000000000000000 is an unknown value
R10=0x00000000033b8c3b is at code_begin+891 in an Interpreter codelet
method entry point (kind = native)  [0x00000000033b88c0, 0x00000000033b9280]  2496 bytes
R11=0x0000000051b5cf20 is an unknown value
R12=0x0000000000000000 is an unknown value
R13={method} {0x000000001506ea60} 'putInt' '(JI)V' in 'sun/misc/Unsafe'
R14=0x000000000329f2d8 is pointing into the stack for thread: 0x000000000319e800
R15=0x000000000319e800 is a thread


Stack: [0x00000000031a0000,0x00000000032a0000],  sp=0x000000000329f1f0,  free space=1020k
Native frames: (J=compiled Java code, j=interpreted, Vv=VM code, C=native code)
V  [jvm.dll+0x1e80bd]
C  0x00000000033b8c67

Java frames: (J=compiled Java code, j=interpreted, Vv=VM code)
j  sun.misc.Unsafe.putInt(JI)V+0
j  coordinate.memory.type.MemoryAllocator$MemoryNativeAddressImpl.set(Lcoordinate/memory/type/LayoutValue$OfInteger;JI)V+10
j  coordinate.memory.type.ValueState.set(Lcoordinate/memory/type/MemoryRegion;JLjava/lang/Object;)V+64
j  coordinate.memory.type.ValueState.set(Lcoordinate/memory/type/MemoryRegion;Ljava/lang/Object;)V+4
j  coordinate.memory.type.MemoryStructFactory$Int32.fieldToMemory(Lcoordinate/memory/type/MemoryRegion;)V+11
j  wrapper.core.SVMNative.setStraight(JLcoordinate/memory/type/StructBase;)V+9
j  svm.SimpleJOCL.testSVMVariableInstantiation()V+57
j  svm.SimpleJOCL.main([Ljava/lang/String;)V+0
v  ~StubRoutines::call_stub

---------------  P R O C E S S  ---------------

Java Threads: ( => current thread )
  0x0000000017310800 JavaThread "Service Thread" daemon [_thread_blocked, id=10964, stack(0x00000000176e0000,0x00000000177e0000)]
  0x00000000159aa000 JavaThread "C1 CompilerThread2" daemon [_thread_blocked, id=12844, stack(0x00000000171e0000,0x00000000172e0000)]
  0x000000001599b000 JavaThread "C2 CompilerThread1" daemon [_thread_blocked, id=1640, stack(0x00000000170e0000,0x00000000171e0000)]
  0x0000000015995000 JavaThread "C2 CompilerThread0" daemon [_thread_blocked, id=6832, stack(0x0000000016fe0000,0x00000000170e0000)]
  0x0000000015993000 JavaThread "Attach Listener" daemon [_thread_blocked, id=356, stack(0x0000000016ee0000,0x0000000016fe0000)]
  0x0000000015991800 JavaThread "Signal Dispatcher" daemon [_thread_blocked, id=13872, stack(0x0000000016de0000,0x0000000016ee0000)]
  0x000000000339a800 JavaThread "Finalizer" daemon [_thread_blocked, id=13036, stack(0x0000000016be0000,0x0000000016ce0000)]
  0x0000000003392000 JavaThread "Reference Handler" daemon [_thread_blocked, id=12904, stack(0x0000000016ae0000,0x0000000016be0000)]
=>0x000000000319e800 JavaThread "main" [_thread_in_vm, id=5748, stack(0x00000000031a0000,0x00000000032a0000)]

Other Threads:
  0x0000000015957000 VMThread [stack: 0x00000000169e0000,0x0000000016ae0000] [id=14608]
  0x00000000159ee800 WatcherThread [stack: 0x00000000177e0000,0x00000000178e0000] [id=15764]

VM state:not at safepoint (normal execution)

VM Mutex/Monitor currently owned by a thread: None

heap address: 0x00000000c1800000, size: 1000 MB, Compressed Oops mode: 32-bit
Narrow klass base: 0x0000000000000000, Narrow klass shift: 3
Compressed class space size: 1073741824 Address: 0x0000000100000000

Heap:
 PSYoungGen      total 75776K, used 6505K [0x00000000eb300000, 0x00000000f0780000, 0x0000000100000000)
  eden space 65024K, 10% used [0x00000000eb300000,0x00000000eb95a598,0x00000000ef280000)
  from space 10752K, 0% used [0x00000000efd00000,0x00000000efd00000,0x00000000f0780000)
  to   space 10752K, 0% used [0x00000000ef280000,0x00000000ef280000,0x00000000efd00000)
 ParOldGen       total 173568K, used 0K [0x00000000c1800000, 0x00000000cc180000, 0x00000000eb300000)
  object space 173568K, 0% used [0x00000000c1800000,0x00000000c1800000,0x00000000cc180000)
 Metaspace       used 5549K, capacity 5698K, committed 5888K, reserved 1056768K
  class space    used 640K, capacity 713K, committed 768K, reserved 1048576K

Card table byte_map: [0x0000000012760000,0x0000000012960000] byte_map_base: 0x0000000012154000

Marking Bits: (ParMarkBitMap*) 0x0000000052155ce0
 Begin Bits: [0x0000000012eb0000, 0x0000000013e50000)
 End Bits:   [0x0000000013e50000, 0x0000000014df0000)

Polling page: 0x00000000013f0000

CodeCache: size=245760Kb used=1837Kb max_used=1837Kb free=243922Kb
 bounds [0x00000000033a0000, 0x0000000003610000, 0x00000000123a0000]
 total_blobs=695 nmethods=369 adapters=239
 compilation: enabled

Compilation events (10 events):
Event: 1.575 Thread 0x00000000159aa000  361       3       java.lang.invoke.LambdaForm$Name::initIndex (26 bytes)
Event: 1.575 Thread 0x00000000159aa000 nmethod 361 0x0000000003566010 code [0x0000000003566160, 0x0000000003566350]
Event: 1.581 Thread 0x0000000015995000  366       4       java.lang.String::getChars (62 bytes)
Event: 1.582 Thread 0x0000000015995000 nmethod 366 0x00000000035646d0 code [0x0000000003564820, 0x0000000003564998]
Event: 1.582 Thread 0x00000000159aa000  367       3       java.lang.invoke.MethodType::toMethodDescriptorString (21 bytes)
Event: 1.583 Thread 0x00000000159aa000 nmethod 367 0x0000000003564b10 code [0x0000000003564d20, 0x0000000003565818]
Event: 1.583 Thread 0x00000000159aa000  368       3       java.lang.ClassLoader::loadClass (7 bytes)
Event: 1.583 Thread 0x00000000159aa000 nmethod 368 0x000000000356bcd0 code [0x000000000356be40, 0x000000000356c068]
Event: 1.583 Thread 0x00000000159aa000  369       3       sun.misc.Launcher$AppClassLoader::loadClass (85 bytes)
Event: 1.584 Thread 0x00000000159aa000 nmethod 369 0x000000000356a890 code [0x000000000356aac0, 0x000000000356b7e8]

GC Heap History (0 events):
No events

Deoptimization events (0 events):
No events

Classes redefined (0 events):
No events

Internal exceptions (8 events):
Event: 0.034 Thread 0x000000000319e800 Exception <a 'java/lang/NoSuchMethodError': Method sun.misc.Unsafe.defineClass(Ljava/lang/String;[BII)Ljava/lang/Class; name or signature does not match> (0x00000000eb307cb0) thrown at [C:\re\workspace\8-2-build-windows-amd64-cygwin\jdk8u202\12323\hotspot
Event: 0.034 Thread 0x000000000319e800 Exception <a 'java/lang/NoSuchMethodError': Method sun.misc.Unsafe.prefetchRead(Ljava/lang/Object;J)V name or signature does not match> (0x00000000eb307f98) thrown at [C:\re\workspace\8-2-build-windows-amd64-cygwin\jdk8u202\12323\hotspot\src\share\vm\prim
Event: 0.099 Thread 0x000000000319e800 Exception <a 'java/security/PrivilegedActionException'> (0x00000000eb393980) thrown at [C:\re\workspace\8-2-build-windows-amd64-cygwin\jdk8u202\12323\hotspot\src\share\vm\prims\jvm.cpp, line 1502]
Event: 0.099 Thread 0x000000000319e800 Exception <a 'java/security/PrivilegedActionException'> (0x00000000eb393b90) thrown at [C:\re\workspace\8-2-build-windows-amd64-cygwin\jdk8u202\12323\hotspot\src\share\vm\prims\jvm.cpp, line 1502]
Event: 0.099 Thread 0x000000000319e800 Exception <a 'java/security/PrivilegedActionException'> (0x00000000eb397aa0) thrown at [C:\re\workspace\8-2-build-windows-amd64-cygwin\jdk8u202\12323\hotspot\src\share\vm\prims\jvm.cpp, line 1502]
Event: 0.099 Thread 0x000000000319e800 Exception <a 'java/security/PrivilegedActionException'> (0x00000000eb397cb0) thrown at [C:\re\workspace\8-2-build-windows-amd64-cygwin\jdk8u202\12323\hotspot\src\share\vm\prims\jvm.cpp, line 1502]
Event: 0.871 Thread 0x000000000319e800 Exception <a 'java/lang/NoSuchFieldError': method resolution failed> (0x00000000eb6877a0) thrown at [C:\re\workspace\8-2-build-windows-amd64-cygwin\jdk8u202\12323\hotspot\src\share\vm\prims\methodHandles.cpp, line 1167]
Event: 0.872 Thread 0x000000000319e800 Exception <a 'java/lang/NoSuchFieldError': method resolution failed> (0x00000000eb694ba0) thrown at [C:\re\workspace\8-2-build-windows-amd64-cygwin\jdk8u202\12323\hotspot\src\share\vm\prims\methodHandles.cpp, line 1167]

Events (10 events):
Event: 1.580 loading class coordinate/memory/type/MemoryRegion
Event: 1.580 loading class coordinate/memory/type/MemoryRegion done
Event: 1.581 loading class coordinate/memory/type/MemoryAllocator$MemoryNativeAddressImpl
Event: 1.581 loading class coordinate/memory/type/MemoryAllocator$MemoryNativeAddressImpl done
Event: 1.582 loading class coordinate/unsafe/UnsafeUtils
Event: 1.582 loading class coordinate/unsafe/UnsafeUtils done
Event: 1.583 loading class java/lang/SecurityException
Event: 1.583 loading class java/lang/SecurityException done
Event: 1.583 loading class java/lang/reflect/InvocationTargetException
Event: 1.583 loading class java/lang/reflect/InvocationTargetException done


Dynamic libraries:
0x00007ff75d5c0000 - 0x00007ff75d5f7000 	C:\Program Files\Java\jdk1.8.0_202\bin\java.exe
0x00007fff38ab0000 - 0x00007fff38ca8000 	C:\WINDOWS\SYSTEM32\ntdll.dll
0x00007fff37b80000 - 0x00007fff37c3d000 	C:\WINDOWS\System32\KERNEL32.DLL
0x00007fff36490000 - 0x00007fff36786000 	C:\WINDOWS\System32\KERNELBASE.dll
0x00007fff388f0000 - 0x00007fff3899f000 	C:\WINDOWS\System32\ADVAPI32.dll
0x00007fff37a80000 - 0x00007fff37b1e000 	C:\WINDOWS\System32\msvcrt.dll
0x00007fff37c40000 - 0x00007fff37cdc000 	C:\WINDOWS\System32\sechost.dll
0x00007fff36f90000 - 0x00007fff370b6000 	C:\WINDOWS\System32\RPCRT4.dll
0x00007fff36df0000 - 0x00007fff36f8e000 	C:\WINDOWS\System32\USER32.dll
0x00007fff36190000 - 0x00007fff361b2000 	C:\WINDOWS\System32\win32u.dll
0x00007fff36b10000 - 0x00007fff36b3c000 	C:\WINDOWS\System32\GDI32.dll
0x00007fff36790000 - 0x00007fff368aa000 	C:\WINDOWS\System32\gdi32full.dll
0x00007fff369e0000 - 0x00007fff36a7d000 	C:\WINDOWS\System32\msvcp_win.dll
0x00007fff36230000 - 0x00007fff36330000 	C:\WINDOWS\System32\ucrtbase.dll
0x00007fff23730000 - 0x00007fff239ca000 	C:\WINDOWS\WinSxS\amd64_microsoft.windows.common-controls_6595b64144ccf1df_6.0.19041.3636_none_60b6a03d71f818d5\COMCTL32.dll
0x00007fff383e0000 - 0x00007fff38410000 	C:\WINDOWS\System32\IMM32.DLL
0x0000000051850000 - 0x0000000051922000 	C:\Program Files\Java\jdk1.8.0_202\jre\bin\msvcr100.dll
0x0000000051930000 - 0x00000000521d5000 	C:\Program Files\Java\jdk1.8.0_202\jre\bin\server\jvm.dll
0x00007fff383d0000 - 0x00007fff383d8000 	C:\WINDOWS\System32\PSAPI.DLL
0x00007fff338b0000 - 0x00007fff338d7000 	C:\WINDOWS\SYSTEM32\WINMM.dll
0x00007fff23020000 - 0x00007fff23029000 	C:\WINDOWS\SYSTEM32\WSOCK32.dll
0x00007fff389a0000 - 0x00007fff38a0b000 	C:\WINDOWS\System32\WS2_32.dll
0x00007fff30a30000 - 0x00007fff30a3a000 	C:\WINDOWS\SYSTEM32\VERSION.dll
0x00007fff21340000 - 0x00007fff2134f000 	C:\Program Files\Java\jdk1.8.0_202\jre\bin\verify.dll
0x00007fff12a80000 - 0x00007fff12aa9000 	C:\Program Files\Java\jdk1.8.0_202\jre\bin\java.dll
0x00007fff1e9a0000 - 0x00007fff1e9b6000 	C:\Program Files\Java\jdk1.8.0_202\jre\bin\zip.dll
0x00007fff37280000 - 0x00007fff379c4000 	C:\WINDOWS\System32\SHELL32.dll
0x00007fff34270000 - 0x00007fff34a0b000 	C:\WINDOWS\SYSTEM32\windows.storage.dll
0x00007fff37d90000 - 0x00007fff380e4000 	C:\WINDOWS\System32\combase.dll
0x00007fff35b00000 - 0x00007fff35b2d000 	C:\WINDOWS\SYSTEM32\Wldp.dll
0x00007fff37ce0000 - 0x00007fff37d8d000 	C:\WINDOWS\System32\SHCORE.dll
0x00007fff38a10000 - 0x00007fff38a65000 	C:\WINDOWS\System32\shlwapi.dll
0x00007fff360c0000 - 0x00007fff360e5000 	C:\WINDOWS\SYSTEM32\profapi.dll
0x00007fff08070000 - 0x00007fff080ad000 	C:\Users\user\AppData\Local\Temp\JOCL_2_0_0-windows-x86_64.dll
0x00007fff35a50000 - 0x00007fff35a5c000 	C:\WINDOWS\SYSTEM32\CRYPTBASE.DLL
0x00007ffef24f0000 - 0x00007ffef256c000 	C:\WINDOWS\SYSTEM32\OpenCL.dll
0x00007fff36960000 - 0x00007fff369ae000 	C:\WINDOWS\System32\CFGMGR32.dll
0x00007fff370c0000 - 0x00007fff371eb000 	C:\WINDOWS\System32\ole32.dll
0x00007fff34070000 - 0x00007fff34082000 	C:\WINDOWS\SYSTEM32\kernel.appcore.dll
0x00007fff36a80000 - 0x00007fff36b02000 	C:\WINDOWS\System32\bcryptPrimitives.dll
0x00007fff379d0000 - 0x00007fff37a79000 	C:\WINDOWS\System32\clbcatq.dll
0x00007fff34a50000 - 0x00007fff34b43000 	C:\WINDOWS\SYSTEM32\dxgi.dll
0x00007ffedfe80000 - 0x00007ffee03db000 	C:\WINDOWS\System32\DriverStore\FileRepository\iigd_dch.inf_amd64_51f685305808e3a5\igdrcl64.dll
0x00007fff2da80000 - 0x00007fff2de89000 	C:\WINDOWS\System32\DriverStore\FileRepository\iigd_dch.inf_amd64_51f685305808e3a5\igdgmm64.dll
0x00007fff2ce90000 - 0x00007fff2cecb000 	C:\WINDOWS\SYSTEM32\dxcore.dll
0x00007fff0a970000 - 0x00007fff0aa74000 	C:\WINDOWS\System32\DriverStore\FileRepository\iigd_dch.inf_amd64_51f685305808e3a5\igdfcl64.dll
0x00007fff284e0000 - 0x00007fff2bc74000 	C:\WINDOWS\System32\DriverStore\FileRepository\iigd_dch.inf_amd64_51f685305808e3a5\igc64.dll
0x00007ffec9230000 - 0x00007ffec9a79000 	C:\WINDOWS\System32\DriverStore\FileRepository\u0390451.inf_amd64_39377efdd62734d1\B390182\amdocl64.dll
0x00007fff38480000 - 0x00007fff388ee000 	C:\WINDOWS\System32\SETUPAPI.dll
0x00007fff369b0000 - 0x00007fff369d7000 	C:\WINDOWS\System32\bcrypt.dll
0x00007fff1e4d0000 - 0x00007fff1e5f5000 	C:\WINDOWS\SYSTEM32\OPENGL32.dll
0x00007fff22ff0000 - 0x00007fff2301c000 	C:\WINDOWS\SYSTEM32\GLU32.dll
0x00007fff33d80000 - 0x00007fff33daf000 	C:\WINDOWS\SYSTEM32\dwmapi.dll
0x00007fff35eb0000 - 0x00007fff35ee3000 	C:\WINDOWS\System32\DEVOBJ.dll
0x00007fff361c0000 - 0x00007fff36227000 	C:\WINDOWS\System32\WINTRUST.dll
0x00007fff36330000 - 0x00007fff3648d000 	C:\WINDOWS\System32\CRYPT32.dll
0x00007fff35c90000 - 0x00007fff35ca2000 	C:\WINDOWS\System32\MSASN1.dll
0x00007ffeb0580000 - 0x00007ffeb4544000 	C:\WINDOWS\System32\DriverStore\FileRepository\u0390451.inf_amd64_39377efdd62734d1\B390182\amdhsail64.dll
0x00007ffeaade0000 - 0x00007ffeb0575000 	C:\WINDOWS\System32\DriverStore\FileRepository\u0390451.inf_amd64_39377efdd62734d1\B390182\amd_comgr.dll
0x00007fff382a0000 - 0x00007fff3836d000 	C:\WINDOWS\System32\OLEAUT32.dll
0x00007fff35a60000 - 0x00007fff35a78000 	C:\WINDOWS\SYSTEM32\CRYPTSP.dll
0x00007fff35190000 - 0x00007fff351c4000 	C:\WINDOWS\system32\rsaenh.dll
0x00007fff36040000 - 0x00007fff3606e000 	C:\WINDOWS\SYSTEM32\USERENV.dll
0x00007fff12a60000 - 0x00007fff12a7a000 	C:\Program Files\Java\jdk1.8.0_202\jre\bin\net.dll
0x00007fff25fc0000 - 0x00007fff261ad000 	C:\WINDOWS\SYSTEM32\urlmon.dll
0x00007fff262f0000 - 0x00007fff265ac000 	C:\WINDOWS\SYSTEM32\iertutil.dll
0x00007fff25f90000 - 0x00007fff25fb8000 	C:\WINDOWS\SYSTEM32\srvcli.dll
0x00007fff356b0000 - 0x00007fff356bc000 	C:\WINDOWS\SYSTEM32\netutils.dll
0x00007fff35860000 - 0x00007fff358ca000 	C:\WINDOWS\system32\mswsock.dll
0x00007fff35550000 - 0x00007fff3558b000 	C:\WINDOWS\SYSTEM32\IPHLPAPI.DLL
0x00007fff38470000 - 0x00007fff38478000 	C:\WINDOWS\System32\NSI.dll
0x00007fff2df80000 - 0x00007fff2df97000 	C:\WINDOWS\SYSTEM32\dhcpcsvc6.DLL
0x00007fff2df20000 - 0x00007fff2df3d000 	C:\WINDOWS\SYSTEM32\dhcpcsvc.DLL
0x00007fff35590000 - 0x00007fff3565a000 	C:\WINDOWS\SYSTEM32\DNSAPI.dll
0x00007fff10830000 - 0x00007fff10842000 	C:\Program Files\Java\jdk1.8.0_202\jre\bin\nio.dll
0x00007fff2f110000 - 0x00007fff2f2f4000 	C:\WINDOWS\SYSTEM32\dbghelp.dll

VM Arguments:
jvm_args: -Dfile.encoding=UTF-8 -Xmx1000m 
java_command: svm.SimpleJOCL
java_class_path (initial): C:\Users\user\Documents\GitHub\Coordinate\build\classes;C:\Users\user\Documents\Java\JOCL\jocl-2.0.0.jar;C:\Users\user\Documents\Java\JOCL\JOCL-structs-0.0.1a-alpha.jar;C:\Users\user\Documents\GitHub\JOCLWrapper\build\classes;C:\Users\user\Documents\GitHub\JOCLWrapper\build\test\classes
Launcher Type: SUN_STANDARD

Environment Variables:
JAVA_HOME=C:\Program Files\Java\jdk1.8.0_144
PATH=C:\Program Files (x86)\Common Files\Intel\Shared Libraries\redist\intel64\mpirt;C:\Program Files (x86)\Common Files\Intel\Shared Libraries\redist\intel64\compiler;C:\Program Files (x86)\Common Files\Oracle\Java\javapath;C:\ProgramData\Oracle\Java\javapath;C:\WINDOWS\system32;C:\WINDOWS;C:\WINDOWS\System32\Wbem;C:\WINDOWS\System32\WindowsPowerShell\v1.0\;C:\Program Files\LuxRender;C:\WINDOWS\System32\OpenSSH\;C:\Program Files\apache-maven-3.6.3\bin;C:\Program Files\Microsoft SQL Server\120\Tools\Binn\;C:\Program Files\nodejs\;C:\Users\user\AppData\Local\Microsoft\WindowsApps;C:\Users\user\AppData\Local\GitHubDesktop\bin;C:\Users\user\AppData\Local\Microsoft\WindowsApps;;C:\Users\user\AppData\Local\Programs\Microsoft VS Code\bin;C:\Users\user\AppData\Roaming\npm
USERNAME=user
OS=Windows_NT
PROCESSOR_IDENTIFIER=Intel64 Family 6 Model 94 Stepping 3, GenuineIntel



---------------  S Y S T E M  ---------------

OS: Windows 10.0 , 64 bit Build 19041 (10.0.19041.3636)

CPU:total 4 (initial active 4) (4 cores per cpu, 1 threads per core) family 6 model 94 stepping 3, cmov, cx8, fxsr, mmx, sse, sse2, sse3, ssse3, sse4.1, sse4.2, popcnt, avx, avx2, aes, clmul, erms, 3dnowpref, lzcnt, tsc, tscinvbit, bmi1, bmi2, adx

Memory: 4k page, physical 16633860k(8852312k free), swap 20303876k(8918304k free)

vm_info: Java HotSpot(TM) 64-Bit Server VM (25.202-b08) for windows-amd64 JRE (1.8.0_202-b08), built on Dec 15 2018 19:54:30 by "java_re" with MS VC++ 10.0 (VS2010)

time: Sun Dec 10 17:19:13 2023
timezone: E. Africa Standard Time
elapsed time: 1 seconds (0d 0h 0m 1s)

