#
# A fatal error has been detected by the Java Runtime Environment:
#
#  EXCEPTION_ACCESS_VIOLATION (0xc0000005) at pc=0x000000006b957f5f, pid=14452, tid=0x0000000000003060
#
# JRE version: Java(TM) SE Runtime Environment (8.0_202-b08) (build 1.8.0_202-b08)
# Java VM: Java HotSpot(TM) 64-Bit Server VM (25.202-b08 mixed mode windows-amd64 compressed oops)
# Problematic frame:
# V  [jvm.dll+0x1e7f5f]
#
# Failed to write core dump. Minidumps are not enabled by default on client versions of Windows
#
# If you would like to submit a bug report, please visit:
#   http://bugreport.java.com/bugreport/crash.jsp
#

---------------  T H R E A D  ---------------

Current thread (0x00000000026fe800):  JavaThread "main" [_thread_in_vm, id=12384, stack(0x0000000002700000,0x0000000002800000)]

siginfo: ExceptionCode=0xc0000005, reading address 0x000000040001000c

Registers:
RAX=0x00000000026fe800, RBX=0x00000000026fe800, RCX=0x0000000000000007, RDX=0x00000000027ff250
RSP=0x00000000027ff200, RBP=0x00000000027ff290, RSI=0x0000000011200021, RDI=0x000000040001000c
R8 =0x000000040001000c, R9 =0x00000000eb901cf8, R10=0x0000000002aa3dfb, R11=0x0000000002aa3dd8
R12=0x0000000000000000, R13=0x00000000027ff2a8, R14=0x00000000027ff328, R15=0x00000000026fe800
RIP=0x000000006b957f5f, EFLAGS=0x0000000000010246

Top of Stack: (sp=0x00000000027ff200)
0x00000000027ff200:   0000000014a2a3e0 00000000027ff248
0x00000000027ff210:   0000000014a2bd60 0000000000000000
0x00000000027ff220:   0000000002907da0 0000000002aa3e75
0x00000000027ff230:   00000000145ce9c0 00000000027ff290
0x00000000027ff240:   0000000011200021 00000000eb91e878
0x00000000027ff250:   00000000eb3089a8 0000000014a2a481
0x00000000027ff260:   00000000027ff2b0 0000000014a2bd60
0x00000000027ff270:   0000000000000000 0000000014a2a4b0
0x00000000027ff280:   0000000000000000 00000000027ff2a0
0x00000000027ff290:   00000000027ff300 0000000002907da0
0x00000000027ff2a0:   0000000002907da0 000000040001000c
0x00000000027ff2b0:   00000000eb91e878 00000000eb3089a8
0x00000000027ff2c0:   00000000027ff2c0 0000000014a2a970
0x00000000027ff2d0:   00000000027ff328 0000000014a2bd60
0x00000000027ff2e0:   0000000000000000 0000000014a2a9b0
0x00000000027ff2f0:   00000000027ff2a8 00000000027ff310 

Instructions: (pc=0x000000006b957f5f)
0x000000006b957f3f:   c2 05 00 c7 83 70 02 00 00 06 00 00 00 8b 0d c6
0x000000006b957f4f:   3b 5d 00 ff 15 98 a4 3f 00 c6 80 94 02 00 00 01
0x000000006b957f5f:   8b 2f c6 80 94 02 00 00 00 48 8b 7b 48 48 8b 47
0x000000006b957f6f:   10 48 8b 77 08 48 83 38 00 74 15 48 8b 57 28 48 


Register to memory mapping:

RAX=0x00000000026fe800 is a thread
RBX=0x00000000026fe800 is a thread
RCX=0x0000000000000007 is an unknown value
RDX=0x00000000027ff250 is pointing into the stack for thread: 0x00000000026fe800
RSP=0x00000000027ff200 is pointing into the stack for thread: 0x00000000026fe800
RBP=0x00000000027ff290 is pointing into the stack for thread: 0x00000000026fe800
RSI=0x0000000011200021 is an unknown value
RDI=0x000000040001000c is an unknown value
R8 =0x000000040001000c is an unknown value
R9 =0x00000000eb901cf8 is an oop
java.lang.Class 
 - klass: 'java/lang/Class'
R10=0x0000000002aa3dfb is at entry_point+59 in (nmethod*)0x0000000002aa3c50
R11=0x0000000002aa3dd8 is at entry_point+24 in (nmethod*)0x0000000002aa3c50
R12=0x0000000000000000 is an unknown value
R13=0x00000000027ff2a8 is pointing into the stack for thread: 0x00000000026fe800
R14=0x00000000027ff328 is pointing into the stack for thread: 0x00000000026fe800
R15=0x00000000026fe800 is a thread


Stack: [0x0000000002700000,0x0000000002800000],  sp=0x00000000027ff200,  free space=1020k
Native frames: (J=compiled Java code, j=interpreted, Vv=VM code, C=native code)
V  [jvm.dll+0x1e7f5f]
C  0x0000000002aa3e75

Java frames: (J=compiled Java code, j=interpreted, Vv=VM code)
J 316  sun.misc.Unsafe.getInt(J)I (0 bytes) @ 0x0000000002aa3dfb [0x0000000002aa3dc0+0x3b]
j  coordinate.memory.type.MemoryAllocator$MemoryNativeAddressImpl.get(Lcoordinate/memory/type/LayoutValue$OfInteger;J)I+8
j  coordinate.memory.type.ValueState.get(Lcoordinate/memory/type/MemoryRegion;J)Ljava/lang/Object;+43
j  coordinate.memory.type.ValueState.get(Lcoordinate/memory/type/MemoryRegion;)Ljava/lang/Object;+3
j  coordinate.memory.type.MemoryStructFactory$Int32.memoryToField(Lcoordinate/memory/type/MemoryRegion;)V+5
j  wrapper.core.svm.SVMNative.getStraight(J)Lcoordinate/memory/type/StructBase;+54
j  wrapper.core.svm.SVMNative.lambda$get$7(J)Ljava/util/Optional;+2
j  wrapper.core.svm.SVMNative$$Lambda$14.get()Ljava/lang/Object;+8
j  wrapper.core.svm.SVMNative.mapReadFunction(Ljava/util/function/Supplier;)Lcoordinate/memory/type/StructBase;+12
j  wrapper.core.svm.SVMNative.get(J)Lcoordinate/memory/type/StructBase;+8
j  wrapper.core.svm.SVMNative.get()Lcoordinate/memory/type/StructBase;+2
j  svm.SimpleJOCL.testSVMNew4()V+106
j  svm.SimpleJOCL.main([Ljava/lang/String;)V+0
v  ~StubRoutines::call_stub

---------------  P R O C E S S  ---------------

Java Threads: ( => current thread )
  0x000000001686b000 JavaThread "Service Thread" daemon [_thread_blocked, id=13956, stack(0x0000000016c40000,0x0000000016d40000)]
  0x0000000014eff000 JavaThread "C1 CompilerThread2" daemon [_thread_blocked, id=18476, stack(0x0000000016740000,0x0000000016840000)]
  0x0000000014efa800 JavaThread "C2 CompilerThread1" daemon [_thread_blocked, id=9220, stack(0x0000000016640000,0x0000000016740000)]
  0x0000000014ef6800 JavaThread "C2 CompilerThread0" daemon [_thread_blocked, id=5168, stack(0x0000000016540000,0x0000000016640000)]
  0x0000000014ef4800 JavaThread "Attach Listener" daemon [_thread_blocked, id=18248, stack(0x0000000016440000,0x0000000016540000)]
  0x0000000014ef3800 JavaThread "Signal Dispatcher" daemon [_thread_blocked, id=2084, stack(0x0000000016340000,0x0000000016440000)]
  0x00000000028fa800 JavaThread "Finalizer" daemon [_thread_blocked, id=16020, stack(0x0000000016140000,0x0000000016240000)]
  0x00000000028f2000 JavaThread "Reference Handler" daemon [_thread_blocked, id=7196, stack(0x0000000016040000,0x0000000016140000)]
=>0x00000000026fe800 JavaThread "main" [_thread_in_vm, id=12384, stack(0x0000000002700000,0x0000000002800000)]

Other Threads:
  0x0000000014eb7000 VMThread [stack: 0x0000000015f40000,0x0000000016040000] [id=4744]
  0x0000000016883800 WatcherThread [stack: 0x0000000016d40000,0x0000000016e40000] [id=11528]

VM state:not at safepoint (normal execution)

VM Mutex/Monitor currently owned by a thread: None

heap address: 0x00000000c1800000, size: 1000 MB, Compressed Oops mode: 32-bit
Narrow klass base: 0x0000000000000000, Narrow klass shift: 3
Compressed class space size: 1073741824 Address: 0x0000000100000000

Heap:
 PSYoungGen      total 75776K, used 7806K [0x00000000eb300000, 0x00000000f0780000, 0x0000000100000000)
  eden space 65024K, 12% used [0x00000000eb300000,0x00000000eba9fa30,0x00000000ef280000)
  from space 10752K, 0% used [0x00000000efd00000,0x00000000efd00000,0x00000000f0780000)
  to   space 10752K, 0% used [0x00000000ef280000,0x00000000ef280000,0x00000000efd00000)
 ParOldGen       total 173568K, used 0K [0x00000000c1800000, 0x00000000cc180000, 0x00000000eb300000)
  object space 173568K, 0% used [0x00000000c1800000,0x00000000c1800000,0x00000000cc180000)
 Metaspace       used 5614K, capacity 5792K, committed 5888K, reserved 1056768K
  class space    used 652K, capacity 722K, committed 768K, reserved 1048576K

Card table byte_map: [0x0000000011cc0000,0x0000000011ec0000] byte_map_base: 0x00000000116b4000

Marking Bits: (ParMarkBitMap*) 0x000000006bf95ce0
 Begin Bits: [0x0000000012410000, 0x00000000133b0000)
 End Bits:   [0x00000000133b0000, 0x0000000014350000)

Polling page: 0x0000000000870000

CodeCache: size=245760Kb used=1877Kb max_used=1877Kb free=243882Kb
 bounds [0x0000000002900000, 0x0000000002b70000, 0x0000000011900000]
 total_blobs=720 nmethods=393 adapters=240
 compilation: enabled

Compilation events (10 events):
Event: 1.631 Thread 0x0000000014efa800  378       4       java.lang.AbstractStringBuilder::append (50 bytes)
Event: 1.633 Thread 0x0000000014eff000  380       3       sun.invoke.util.VerifyAccess::isTypeVisible (118 bytes)
Event: 1.634 Thread 0x0000000014ef6800  384       4       java.lang.Math::min (11 bytes)
Event: 1.634 Thread 0x0000000014ef6800 nmethod 384 0x0000000002ac6c50 code [0x0000000002ac6d80, 0x0000000002ac6dd8]
Event: 1.635 Thread 0x0000000014eff000 nmethod 380 0x0000000002acf350 code [0x0000000002acf6a0, 0x0000000002ad15d8]
Event: 1.635 Thread 0x0000000014eff000  386       3       java.util.Collections$UnmodifiableCollection$1::next (10 bytes)
Event: 1.635 Thread 0x0000000014eff000 nmethod 386 0x0000000002ac6510 code [0x0000000002ac6680, 0x0000000002ac68a8]
Event: 1.635 Thread 0x0000000014eff000  390       3       java.util.Arrays::equals (78 bytes)
Event: 1.635 Thread 0x0000000014eff000 nmethod 390 0x0000000002aceb50 code [0x0000000002acece0, 0x0000000002acf1c8]
Event: 1.635 Thread 0x0000000014eff000  393       3       sun.invoke.util.VerifyAccess::isSamePackage (114 bytes)

GC Heap History (0 events):
No events

Deoptimization events (0 events):
No events

Classes redefined (0 events):
No events

Internal exceptions (8 events):
Event: 0.032 Thread 0x00000000026fe800 Exception <a 'java/lang/NoSuchMethodError': Method sun.misc.Unsafe.defineClass(Ljava/lang/String;[BII)Ljava/lang/Class; name or signature does not match> (0x00000000eb307cb0) thrown at [C:\re\workspace\8-2-build-windows-amd64-cygwin\jdk8u202\12323\hotspot
Event: 0.032 Thread 0x00000000026fe800 Exception <a 'java/lang/NoSuchMethodError': Method sun.misc.Unsafe.prefetchRead(Ljava/lang/Object;J)V name or signature does not match> (0x00000000eb307f98) thrown at [C:\re\workspace\8-2-build-windows-amd64-cygwin\jdk8u202\12323\hotspot\src\share\vm\prim
Event: 0.095 Thread 0x00000000026fe800 Exception <a 'java/security/PrivilegedActionException'> (0x00000000eb38fe40) thrown at [C:\re\workspace\8-2-build-windows-amd64-cygwin\jdk8u202\12323\hotspot\src\share\vm\prims\jvm.cpp, line 1502]
Event: 0.095 Thread 0x00000000026fe800 Exception <a 'java/security/PrivilegedActionException'> (0x00000000eb390050) thrown at [C:\re\workspace\8-2-build-windows-amd64-cygwin\jdk8u202\12323\hotspot\src\share\vm\prims\jvm.cpp, line 1502]
Event: 0.096 Thread 0x00000000026fe800 Exception <a 'java/security/PrivilegedActionException'> (0x00000000eb393f60) thrown at [C:\re\workspace\8-2-build-windows-amd64-cygwin\jdk8u202\12323\hotspot\src\share\vm\prims\jvm.cpp, line 1502]
Event: 0.096 Thread 0x00000000026fe800 Exception <a 'java/security/PrivilegedActionException'> (0x00000000eb394170) thrown at [C:\re\workspace\8-2-build-windows-amd64-cygwin\jdk8u202\12323\hotspot\src\share\vm\prims\jvm.cpp, line 1502]
Event: 0.939 Thread 0x00000000026fe800 Exception <a 'java/lang/NoSuchFieldError': method resolution failed> (0x00000000eb6843a0) thrown at [C:\re\workspace\8-2-build-windows-amd64-cygwin\jdk8u202\12323\hotspot\src\share\vm\prims\methodHandles.cpp, line 1167]
Event: 0.940 Thread 0x00000000026fe800 Exception <a 'java/lang/NoSuchFieldError': method resolution failed> (0x00000000eb6917a0) thrown at [C:\re\workspace\8-2-build-windows-amd64-cygwin\jdk8u202\12323\hotspot\src\share\vm\prims\methodHandles.cpp, line 1167]

Events (10 events):
Event: 1.633 loading class org/jocl/cl_command_queue
Event: 1.633 loading class org/jocl/cl_command_queue done
Event: 1.633 loading class org/jocl/cl_command_queue
Event: 1.633 loading class org/jocl/cl_command_queue done
Event: 1.633 loading class org/jocl/SVMFreeFunction
Event: 1.633 loading class org/jocl/SVMFreeFunction done
Event: 1.634 Thread 0x00000000241c3000 Thread added: 0x00000000241c3000
Event: 1.634 Thread 0x00000000241c3000 Thread exited: 0x00000000241c3000
Event: 1.634 loading class wrapper/core/svm/SVMNative
Event: 1.634 loading class wrapper/core/svm/SVMNative done


Dynamic libraries:
0x00007ff78a560000 - 0x00007ff78a597000 	C:\Program Files\Java\jdk1.8.0_202\bin\java.exe
0x00007ff8e70d0000 - 0x00007ff8e72c8000 	C:\WINDOWS\SYSTEM32\ntdll.dll
0x00007ff8e6a20000 - 0x00007ff8e6add000 	C:\WINDOWS\System32\KERNEL32.DLL
0x00007ff8e4c50000 - 0x00007ff8e4f46000 	C:\WINDOWS\System32\KERNELBASE.dll
0x00007ff8e6840000 - 0x00007ff8e68ef000 	C:\WINDOWS\System32\ADVAPI32.dll
0x00007ff8e57e0000 - 0x00007ff8e587e000 	C:\WINDOWS\System32\msvcrt.dll
0x00007ff8e6e40000 - 0x00007ff8e6edc000 	C:\WINDOWS\System32\sechost.dll
0x00007ff8e6f60000 - 0x00007ff8e7086000 	C:\WINDOWS\System32\RPCRT4.dll
0x00007ff8e64d0000 - 0x00007ff8e666e000 	C:\WINDOWS\System32\USER32.dll
0x00007ff8e4b80000 - 0x00007ff8e4ba2000 	C:\WINDOWS\System32\win32u.dll
0x00007ff8e6030000 - 0x00007ff8e605c000 	C:\WINDOWS\System32\GDI32.dll
0x00007ff8e4960000 - 0x00007ff8e4a7a000 	C:\WINDOWS\System32\gdi32full.dll
0x00007ff8e4bb0000 - 0x00007ff8e4c4d000 	C:\WINDOWS\System32\msvcp_win.dll
0x00007ff8e4a80000 - 0x00007ff8e4b80000 	C:\WINDOWS\System32\ucrtbase.dll
0x00007ff8d13e0000 - 0x00007ff8d167a000 	C:\WINDOWS\WinSxS\amd64_microsoft.windows.common-controls_6595b64144ccf1df_6.0.19041.3636_none_60b6a03d71f818d5\COMCTL32.dll
0x00007ff8e5130000 - 0x00007ff8e5160000 	C:\WINDOWS\System32\IMM32.DLL
0x000000006b690000 - 0x000000006b762000 	C:\Program Files\Java\jdk1.8.0_202\jre\bin\msvcr100.dll
0x000000006b770000 - 0x000000006c015000 	C:\Program Files\Java\jdk1.8.0_202\jre\bin\server\jvm.dll
0x00007ff8e67d0000 - 0x00007ff8e67d8000 	C:\WINDOWS\System32\PSAPI.DLL
0x00007ff8e1fd0000 - 0x00007ff8e1fd9000 	C:\WINDOWS\SYSTEM32\WSOCK32.dll
0x00007ff8df5d0000 - 0x00007ff8df5f7000 	C:\WINDOWS\SYSTEM32\WINMM.dll
0x00007ff8de890000 - 0x00007ff8de89a000 	C:\WINDOWS\SYSTEM32\VERSION.dll
0x00007ff8e6ef0000 - 0x00007ff8e6f5b000 	C:\WINDOWS\System32\WS2_32.dll
0x00007ff8dfc00000 - 0x00007ff8dfc0f000 	C:\Program Files\Java\jdk1.8.0_202\jre\bin\verify.dll
0x00007ff8df470000 - 0x00007ff8df499000 	C:\Program Files\Java\jdk1.8.0_202\jre\bin\java.dll
0x00007ff8df450000 - 0x00007ff8df466000 	C:\Program Files\Java\jdk1.8.0_202\jre\bin\zip.dll
0x00007ff8e5880000 - 0x00007ff8e5fc5000 	C:\WINDOWS\System32\SHELL32.dll
0x00007ff8e2890000 - 0x00007ff8e302b000 	C:\WINDOWS\SYSTEM32\windows.storage.dll
0x00007ff8e6ae0000 - 0x00007ff8e6e34000 	C:\WINDOWS\System32\combase.dll
0x00007ff8e4110000 - 0x00007ff8e413d000 	C:\WINDOWS\SYSTEM32\Wldp.dll
0x00007ff8e6670000 - 0x00007ff8e671d000 	C:\WINDOWS\System32\SHCORE.dll
0x00007ff8e5250000 - 0x00007ff8e52a5000 	C:\WINDOWS\System32\shlwapi.dll
0x00007ff8e46e0000 - 0x00007ff8e4705000 	C:\WINDOWS\SYSTEM32\profapi.dll
0x00007ff8c24f0000 - 0x00007ff8c252d000 	C:\Users\user\AppData\Local\Temp\JOCL_2_0_0-windows-x86_64.dll
0x00007ff8e4500000 - 0x00007ff8e450c000 	C:\WINDOWS\SYSTEM32\CRYPTBASE.DLL
0x00007ff8864e0000 - 0x00007ff88655c000 	C:\WINDOWS\SYSTEM32\OpenCL.dll
0x00007ff8e47b0000 - 0x00007ff8e47fe000 	C:\WINDOWS\System32\CFGMGR32.dll
0x00007ff8e5590000 - 0x00007ff8e56bb000 	C:\WINDOWS\System32\ole32.dll
0x00007ff8e2690000 - 0x00007ff8e26a2000 	C:\WINDOWS\SYSTEM32\kernel.appcore.dll
0x00007ff8e50a0000 - 0x00007ff8e5122000 	C:\WINDOWS\System32\bcryptPrimitives.dll
0x00007ff8e5460000 - 0x00007ff8e5509000 	C:\WINDOWS\System32\clbcatq.dll
0x00007ff8e3070000 - 0x00007ff8e3163000 	C:\WINDOWS\SYSTEM32\dxgi.dll
0x00007ff87b7f0000 - 0x00007ff87bd4b000 	C:\WINDOWS\System32\DriverStore\FileRepository\iigd_dch.inf_amd64_51f685305808e3a5\igdrcl64.dll
0x00007ff8d9e40000 - 0x00007ff8da249000 	C:\WINDOWS\System32\DriverStore\FileRepository\iigd_dch.inf_amd64_51f685305808e3a5\igdgmm64.dll
0x00007ff8daa20000 - 0x00007ff8daa5b000 	C:\WINDOWS\SYSTEM32\dxcore.dll
0x00007ff8bb0d0000 - 0x00007ff8bb1d4000 	C:\WINDOWS\System32\DriverStore\FileRepository\iigd_dch.inf_amd64_51f685305808e3a5\igdfcl64.dll
0x00007ff8d66a0000 - 0x00007ff8d9e34000 	C:\WINDOWS\System32\DriverStore\FileRepository\iigd_dch.inf_amd64_51f685305808e3a5\igc64.dll
0x00007ff87afa0000 - 0x00007ff87b7e9000 	C:\WINDOWS\System32\DriverStore\FileRepository\u0390451.inf_amd64_39377efdd62734d1\B390182\amdocl64.dll
0x00007ff8e6060000 - 0x00007ff8e64ce000 	C:\WINDOWS\System32\SETUPAPI.dll
0x00007ff8e4f50000 - 0x00007ff8e4f77000 	C:\WINDOWS\System32\bcrypt.dll
0x00007ff8cb1d0000 - 0x00007ff8cb2f5000 	C:\WINDOWS\SYSTEM32\OPENGL32.dll
0x00007ff8d33e0000 - 0x00007ff8d340c000 	C:\WINDOWS\SYSTEM32\GLU32.dll
0x00007ff8e24b0000 - 0x00007ff8e24df000 	C:\WINDOWS\SYSTEM32\dwmapi.dll
0x00007ff8e44c0000 - 0x00007ff8e44f3000 	C:\WINDOWS\System32\DEVOBJ.dll
0x00007ff8e5030000 - 0x00007ff8e5097000 	C:\WINDOWS\System32\WINTRUST.dll
0x00007ff8e4800000 - 0x00007ff8e495d000 	C:\WINDOWS\System32\CRYPT32.dll
0x00007ff8e4300000 - 0x00007ff8e4312000 	C:\WINDOWS\System32\MSASN1.dll
0x00007ff86c1f0000 - 0x00007ff8701b4000 	C:\WINDOWS\System32\DriverStore\FileRepository\u0390451.inf_amd64_39377efdd62734d1\B390182\amdhsail64.dll
0x00007ff856b50000 - 0x00007ff85c2e5000 	C:\WINDOWS\System32\DriverStore\FileRepository\u0390451.inf_amd64_39377efdd62734d1\B390182\amd_comgr.dll
0x00007ff8e68f0000 - 0x00007ff8e69bd000 	C:\WINDOWS\System32\OLEAUT32.dll
0x00007ff8e4070000 - 0x00007ff8e4088000 	C:\WINDOWS\SYSTEM32\CRYPTSP.dll
0x00007ff8e37b0000 - 0x00007ff8e37e4000 	C:\WINDOWS\system32\rsaenh.dll
0x00007ff8e4660000 - 0x00007ff8e468e000 	C:\WINDOWS\SYSTEM32\USERENV.dll
0x00007ff8df430000 - 0x00007ff8df44a000 	C:\Program Files\Java\jdk1.8.0_202\jre\bin\net.dll
0x00007ff8d3b90000 - 0x00007ff8d3d7d000 	C:\WINDOWS\SYSTEM32\urlmon.dll
0x00007ff8d4130000 - 0x00007ff8d43ec000 	C:\WINDOWS\SYSTEM32\iertutil.dll
0x00007ff8d3b40000 - 0x00007ff8d3b68000 	C:\WINDOWS\SYSTEM32\srvcli.dll
0x00007ff8e3c80000 - 0x00007ff8e3c8c000 	C:\WINDOWS\SYSTEM32\netutils.dll
0x00007ff8e3e80000 - 0x00007ff8e3eea000 	C:\WINDOWS\system32\mswsock.dll
0x00007ff8e3b70000 - 0x00007ff8e3bab000 	C:\WINDOWS\SYSTEM32\IPHLPAPI.DLL
0x00007ff8e6ee0000 - 0x00007ff8e6ee8000 	C:\WINDOWS\System32\NSI.dll
0x00007ff8dc030000 - 0x00007ff8dc047000 	C:\WINDOWS\SYSTEM32\dhcpcsvc6.DLL
0x00007ff8dd660000 - 0x00007ff8dd67d000 	C:\WINDOWS\SYSTEM32\dhcpcsvc.DLL
0x00007ff8e3bb0000 - 0x00007ff8e3c7a000 	C:\WINDOWS\SYSTEM32\DNSAPI.dll
0x00007ff8d4fe0000 - 0x00007ff8d4ff2000 	C:\Program Files\Java\jdk1.8.0_202\jre\bin\nio.dll
0x00007ff8dca90000 - 0x00007ff8dcc74000 	C:\WINDOWS\SYSTEM32\dbghelp.dll

VM Arguments:
jvm_args: -Dfile.encoding=UTF-8 -Xmx1000m 
java_command: svm.SimpleJOCL
java_class_path (initial): C:\Users\user\Documents\GitHub\Coordinate\build\classes;C:\Users\user\Documents\Java\JOCL\jocl-2.0.0.jar;C:\Users\user\Documents\Java\JOCL\JOCL-structs-0.0.1a-alpha.jar;C:\Users\user\Documents\GitHub\JOCLWrapper\build\classes;C:\Users\user\Documents\GitHub\JOCLWrapper\build\test\classes
Launcher Type: SUN_STANDARD

Environment Variables:
JAVA_HOME=C:\Program Files\Java\jdk1.8.0_144
PATH=C:\Program Files (x86)\Common Files\Intel\Shared Libraries\redist\intel64\mpirt;C:\Program Files (x86)\Common Files\Intel\Shared Libraries\redist\intel64\compiler;C:\Program Files (x86)\Common Files\Oracle\Java\javapath;C:\ProgramData\Oracle\Java\javapath;C:\WINDOWS\system32;C:\WINDOWS;C:\WINDOWS\System32\Wbem;C:\WINDOWS\System32\WindowsPowerShell\v1.0\;C:\Program Files\LuxRender;C:\WINDOWS\System32\OpenSSH\;C:\Program Files\apache-maven-3.6.3\bin;C:\Program Files\Microsoft SQL Server\120\Tools\Binn\;C:\Program Files\nodejs\;C:\Users\user\AppData\Local\Microsoft\WindowsApps;C:\Users\user\AppData\Local\GitHubDesktop\bin;C:\Users\user\AppData\Local\Microsoft\WindowsApps;;C:\Users\user\AppData\Local\Programs\Microsoft VS Code\bin;C:\Users\user\AppData\Roaming\npm
USERNAME=user
OS=Windows_NT
PROCESSOR_IDENTIFIER=Intel64 Family 6 Model 94 Stepping 3, GenuineIntel



---------------  S Y S T E M  ---------------

OS: Windows 10.0 , 64 bit Build 19041 (10.0.19041.3636)

CPU:total 4 (initial active 4) (4 cores per cpu, 1 threads per core) family 6 model 94 stepping 3, cmov, cx8, fxsr, mmx, sse, sse2, sse3, ssse3, sse4.1, sse4.2, popcnt, avx, avx2, aes, clmul, erms, 3dnowpref, lzcnt, tsc, tscinvbit, bmi1, bmi2, adx

Memory: 4k page, physical 16633860k(6593500k free), swap 19445416k(3090424k free)

vm_info: Java HotSpot(TM) 64-Bit Server VM (25.202-b08) for windows-amd64 JRE (1.8.0_202-b08), built on Dec 15 2018 19:54:30 by "java_re" with MS VC++ 10.0 (VS2010)

time: Tue Jan 02 22:33:10 2024
timezone: E. Africa Standard Time
elapsed time: 1 seconds (0d 0h 0m 1s)

