#
# A fatal error has been detected by the Java Runtime Environment:
#
#  EXCEPTION_ACCESS_VIOLATION (0xc0000005) at pc=0x0000000051ba8580, pid=19208, tid=0x00000000000049b8
#
# JRE version: Java(TM) SE Runtime Environment (8.0_202-b08) (build 1.8.0_202-b08)
# Java VM: Java HotSpot(TM) 64-Bit Server VM (25.202-b08 mixed mode windows-amd64 compressed oops)
# Problematic frame:
# V  [jvm.dll+0x278580]
#
# Failed to write core dump. Minidumps are not enabled by default on client versions of Windows
#
# If you would like to submit a bug report, please visit:
#   http://bugreport.java.com/bugreport/crash.jsp
#

---------------  T H R E A D  ---------------

Current thread (0x00000000006be800):  JavaThread "main" [_thread_in_vm, id=18872, stack(0x00000000022d0000,0x00000000023d0000)]

siginfo: ExceptionCode=0xc0000005, reading address 0x0000000400000000

Registers:
RAX=0x0000000414b6df20, RBX=0x00000000006be800, RCX=0x00000003eb4921e0, RDX=0x0000000014b6de20
RSP=0x00000000023cefb0, RBP=0x0000000000000000, RSI=0x0000000000000100, RDI=0x0000000000000000
R8 =0x0000000000000020, R9 =0x0000000014b6de20, R10=0x0000000002518c3b, R11=0x0000000051b5cf20
R12=0x0000000400000000, R13=0x00000000141ef210, R14=0x00000000023cf128, R15=0x00000000006be800
RIP=0x0000000051ba8580, EFLAGS=0x0000000000010202

Top of Stack: (sp=0x00000000023cefb0)
0x00000000023cefb0:   0000000014645970 00000000006be800
0x00000000023cefc0:   00000000023f2478 0000000014644d48
0x00000000023cefd0:   00000000006be800 0000000051b14da7
0x00000000023cefe0:   0000000002524e83 00000000025056d0
0x00000000023ceff0:   0000000100000000 00000000023cf170
0x00000000023cf000:   00000000023cf0e8 00000000146461a5
0x00000000023cf010:   0000000000000000 0000000002518c67
0x00000000023cf020:   000000000000047a 00000000141ef210
0x00000000023cf030:   00000000023cf0c8 0000000011200021
0x00000000023cf040:   0000000000000000 0000000014b6de20
0x00000000023cf050:   0000000000000100 0000000014646228
0x00000000023cf060:   00000000006be800 0000000014640e18
0x00000000023cf070:   00000000006be800 00000000006be800
0x00000000023cf080:   00000000023cf1c8 00000000023cf088
0x00000000023cf090:   0000000000000000 00000000023cf128
0x00000000023cf0a0:   000000001421c588 0000000000000000 

Instructions: (pc=0x0000000051ba8580)
0x0000000051ba8560:   a8 07 75 65 49 c1 e8 03 48 3b ca 76 29 4d 85 c0
0x0000000051ba8570:   0f 84 cd 00 00 00 48 2b ca 0f 1f 80 00 00 00 00
0x0000000051ba8580:   4a 8b 04 09 49 83 c1 08 49 ff c8 49 89 41 f8 75
0x0000000051ba8590:   ef 48 83 c4 28 c3 4a 8d 54 c1 f8 4b 8d 4c c1 f8 


Register to memory mapping:

RAX=0x0000000414b6df20 is an unknown value
RBX=0x00000000006be800 is a thread
RCX=0x00000003eb4921e0 is an unknown value
RDX=0x0000000014b6de20 is an unknown value
RSP=0x00000000023cefb0 is pointing into the stack for thread: 0x00000000006be800
RBP=0x0000000000000000 is an unknown value
RSI=0x0000000000000100 is an unknown value
RDI=0x0000000000000000 is an unknown value
R8 =0x0000000000000020 is an unknown value
R9 =0x0000000014b6de20 is an unknown value
R10=0x0000000002518c3b is at code_begin+891 in an Interpreter codelet
method entry point (kind = native)  [0x00000000025188c0, 0x0000000002519280]  2496 bytes
R11=0x0000000051b5cf20 is an unknown value
R12=0x0000000400000000 is an unknown value
R13={method} {0x00000000141ef218} 'copyMemory' '(Ljava/lang/Object;JLjava/lang/Object;JJ)V' in 'sun/misc/Unsafe'
R14=0x00000000023cf128 is pointing into the stack for thread: 0x00000000006be800
R15=0x00000000006be800 is a thread


Stack: [0x00000000022d0000,0x00000000023d0000],  sp=0x00000000023cefb0,  free space=1019k
Native frames: (J=compiled Java code, j=interpreted, Vv=VM code, C=native code)

Java frames: (J=compiled Java code, j=interpreted, Vv=VM code)
j  sun.misc.Unsafe.copyMemory(Ljava/lang/Object;JLjava/lang/Object;JJ)V+0
j  coordinate.unsafe.UnsafeUtils.copyMemory(Ljava/lang/Object;JLjava/lang/Object;JJ)V+21
j  coordinate.memory.type.MemoryAllocator$MemoryNativeImpl.copyFrom(Lcoordinate/memory/type/MemoryRegion;J)V+42
j  coordinate.memory.type.MemoryStruct.copyFrom(Lcoordinate/memory/type/MemoryStruct;)V+17
j  wrapper.core.SVMNative.<init>(Lwrapper/core/CCommandQueue;Lwrapper/core/CContext;Lcoordinate/memory/type/MemoryStruct;)V+59
j  wrapper.core.OpenCLConfiguration.createSVM(Lcoordinate/memory/type/MemoryStruct;)Lwrapper/core/SVMNative;+13
j  nativememory.SimpleJOCL.testSVM()V+42
j  nativememory.SimpleJOCL.main([Ljava/lang/String;)V+0
v  ~StubRoutines::call_stub

---------------  P R O C E S S  ---------------

Java Threads: ( => current thread )
  0x00000000164b0800 JavaThread "Service Thread" daemon [_thread_blocked, id=15164, stack(0x0000000016880000,0x0000000016980000)]
  0x0000000014b28800 JavaThread "C1 CompilerThread2" daemon [_thread_blocked, id=10440, stack(0x0000000016380000,0x0000000016480000)]
  0x0000000014b19000 JavaThread "C2 CompilerThread1" daemon [_thread_blocked, id=16008, stack(0x0000000016280000,0x0000000016380000)]
  0x0000000014b15800 JavaThread "C2 CompilerThread0" daemon [_thread_blocked, id=8372, stack(0x0000000016180000,0x0000000016280000)]
  0x0000000014b13000 JavaThread "Attach Listener" daemon [_thread_blocked, id=19192, stack(0x0000000016080000,0x0000000016180000)]
  0x0000000014b11800 JavaThread "Signal Dispatcher" daemon [_thread_blocked, id=17092, stack(0x0000000015f80000,0x0000000016080000)]
  0x00000000024ea800 JavaThread "Finalizer" daemon [_thread_blocked, id=18624, stack(0x0000000015d70000,0x0000000015e70000)]
  0x00000000024e2000 JavaThread "Reference Handler" daemon [_thread_blocked, id=18784, stack(0x0000000015c70000,0x0000000015d70000)]
=>0x00000000006be800 JavaThread "main" [_thread_in_vm, id=18872, stack(0x00000000022d0000,0x00000000023d0000)]

Other Threads:
  0x0000000014ad7000 VMThread [stack: 0x0000000015b70000,0x0000000015c70000] [id=12912]
  0x00000000164c1000 WatcherThread [stack: 0x0000000016980000,0x0000000016a80000] [id=12104]

VM state:not at safepoint (normal execution)

VM Mutex/Monitor currently owned by a thread: None

heap address: 0x00000000c1800000, size: 1000 MB, Compressed Oops mode: 32-bit
Narrow klass base: 0x0000000000000000, Narrow klass shift: 3
Compressed class space size: 1073741824 Address: 0x0000000100000000

Heap:
 PSYoungGen      total 75776K, used 6502K [0x00000000eb300000, 0x00000000f0780000, 0x0000000100000000)
  eden space 65024K, 10% used [0x00000000eb300000,0x00000000eb959a78,0x00000000ef280000)
  from space 10752K, 0% used [0x00000000efd00000,0x00000000efd00000,0x00000000f0780000)
  to   space 10752K, 0% used [0x00000000ef280000,0x00000000ef280000,0x00000000efd00000)
 ParOldGen       total 173568K, used 0K [0x00000000c1800000, 0x00000000cc180000, 0x00000000eb300000)
  object space 173568K, 0% used [0x00000000c1800000,0x00000000c1800000,0x00000000cc180000)
 Metaspace       used 5559K, capacity 5696K, committed 5888K, reserved 1056768K
  class space    used 641K, capacity 712K, committed 768K, reserved 1048576K

Card table byte_map: [0x00000000118c0000,0x0000000011ac0000] byte_map_base: 0x00000000112b4000

Marking Bits: (ParMarkBitMap*) 0x0000000052155ce0
 Begin Bits: [0x0000000012010000, 0x0000000012fb0000)
 End Bits:   [0x0000000012fb0000, 0x0000000013f50000)

Polling page: 0x00000000023d0000

CodeCache: size=245760Kb used=1835Kb max_used=1839Kb free=243924Kb
 bounds [0x0000000002500000, 0x0000000002770000, 0x0000000011500000]
 total_blobs=701 nmethods=374 adapters=240
 compilation: enabled

Compilation events (10 events):
Event: 1.611 Thread 0x0000000014b28800 nmethod 348 0x00000000026c8310 code [0x00000000026c8480, 0x00000000026c8628]
Event: 1.611 Thread 0x0000000014b28800  369       3       java.lang.invoke.MethodType$ConcurrentWeakInternSet$WeakEntry::equals (49 bytes)
Event: 1.611 Thread 0x0000000014b28800 nmethod 369 0x00000000026cb4d0 code [0x00000000026cb660, 0x00000000026cbcc8]
Event: 1.611 Thread 0x0000000014b15800 nmethod 371 0x00000000026cbdd0 code [0x00000000026cbf20, 0x00000000026cc118]
Event: 1.612 Thread 0x0000000014b19000  372       4       java.lang.String::getChars (62 bytes)
Event: 1.613 Thread 0x0000000014b19000 nmethod 372 0x00000000026cc250 code [0x00000000026cc3a0, 0x00000000026cc518]
Event: 1.614 Thread 0x0000000014b28800  373       3       java.lang.ClassLoader::loadClass (7 bytes)
Event: 1.614 Thread 0x0000000014b28800 nmethod 373 0x00000000026caa90 code [0x00000000026cac00, 0x00000000026cae28]
Event: 1.614 Thread 0x0000000014b28800  374       3       sun.misc.Launcher$AppClassLoader::loadClass (85 bytes)
Event: 1.615 Thread 0x0000000014b28800 nmethod 374 0x00000000026c9690 code [0x00000000026c98c0, 0x00000000026ca5e8]

GC Heap History (0 events):
No events

Deoptimization events (0 events):
No events

Classes redefined (0 events):
No events

Internal exceptions (8 events):
Event: 0.034 Thread 0x00000000006be800 Exception <a 'java/lang/NoSuchMethodError': Method sun.misc.Unsafe.defineClass(Ljava/lang/String;[BII)Ljava/lang/Class; name or signature does not match> (0x00000000eb307cb0) thrown at [C:\re\workspace\8-2-build-windows-amd64-cygwin\jdk8u202\12323\hotspot
Event: 0.034 Thread 0x00000000006be800 Exception <a 'java/lang/NoSuchMethodError': Method sun.misc.Unsafe.prefetchRead(Ljava/lang/Object;J)V name or signature does not match> (0x00000000eb307f98) thrown at [C:\re\workspace\8-2-build-windows-amd64-cygwin\jdk8u202\12323\hotspot\src\share\vm\prim
Event: 0.097 Thread 0x00000000006be800 Exception <a 'java/security/PrivilegedActionException'> (0x00000000eb38e170) thrown at [C:\re\workspace\8-2-build-windows-amd64-cygwin\jdk8u202\12323\hotspot\src\share\vm\prims\jvm.cpp, line 1502]
Event: 0.097 Thread 0x00000000006be800 Exception <a 'java/security/PrivilegedActionException'> (0x00000000eb38e380) thrown at [C:\re\workspace\8-2-build-windows-amd64-cygwin\jdk8u202\12323\hotspot\src\share\vm\prims\jvm.cpp, line 1502]
Event: 0.098 Thread 0x00000000006be800 Exception <a 'java/security/PrivilegedActionException'> (0x00000000eb392290) thrown at [C:\re\workspace\8-2-build-windows-amd64-cygwin\jdk8u202\12323\hotspot\src\share\vm\prims\jvm.cpp, line 1502]
Event: 0.098 Thread 0x00000000006be800 Exception <a 'java/security/PrivilegedActionException'> (0x00000000eb3924a0) thrown at [C:\re\workspace\8-2-build-windows-amd64-cygwin\jdk8u202\12323\hotspot\src\share\vm\prims\jvm.cpp, line 1502]
Event: 0.924 Thread 0x00000000006be800 Exception <a 'java/lang/NoSuchFieldError': method resolution failed> (0x00000000eb6819f0) thrown at [C:\re\workspace\8-2-build-windows-amd64-cygwin\jdk8u202\12323\hotspot\src\share\vm\prims\methodHandles.cpp, line 1167]
Event: 0.926 Thread 0x00000000006be800 Exception <a 'java/lang/NoSuchFieldError': method resolution failed> (0x00000000eb68edf0) thrown at [C:\re\workspace\8-2-build-windows-amd64-cygwin\jdk8u202\12323\hotspot\src\share\vm\prims\methodHandles.cpp, line 1167]

Events (10 events):
Event: 1.614 loading class java/lang/reflect/InvocationTargetException
Event: 1.614 loading class java/lang/reflect/InvocationTargetException done
Event: 1.614 loading class wrapper/core/SVMNative
Event: 1.614 loading class wrapper/core/SVMNative done
Event: 1.615 loading class wrapper/core/CMemorySkeleton
Event: 1.615 loading class wrapper/core/CMemorySkeleton done
Event: 1.620 loading class sun/reflect/UnsafeLongFieldAccessorImpl
Event: 1.620 loading class sun/reflect/UnsafeLongFieldAccessorImpl done
Event: 1.620 loading class coordinate/memory/type/MemoryAllocator$MemoryNativeAddressImpl
Event: 1.620 loading class coordinate/memory/type/MemoryAllocator$MemoryNativeAddressImpl done


Dynamic libraries:
0x00007ff6f7e70000 - 0x00007ff6f7ea7000 	C:\Program Files\Java\jdk1.8.0_202\bin\java.exe
0x00007fff38ab0000 - 0x00007fff38ca8000 	C:\WINDOWS\SYSTEM32\ntdll.dll
0x00007fff37b80000 - 0x00007fff37c3d000 	C:\WINDOWS\System32\KERNEL32.DLL
0x00007fff36490000 - 0x00007fff36786000 	C:\WINDOWS\System32\KERNELBASE.dll
0x00007fff388f0000 - 0x00007fff3899f000 	C:\WINDOWS\System32\ADVAPI32.dll
0x00007fff37a80000 - 0x00007fff37b1e000 	C:\WINDOWS\System32\msvcrt.dll
0x00007fff37c40000 - 0x00007fff37cdc000 	C:\WINDOWS\System32\sechost.dll
0x00007fff36f90000 - 0x00007fff370b6000 	C:\WINDOWS\System32\RPCRT4.dll
0x00007fff36df0000 - 0x00007fff36f8e000 	C:\WINDOWS\System32\USER32.dll
0x00007fff36190000 - 0x00007fff361b2000 	C:\WINDOWS\System32\win32u.dll
0x00007fff36b10000 - 0x00007fff36b3c000 	C:\WINDOWS\System32\GDI32.dll
0x00007fff36790000 - 0x00007fff368aa000 	C:\WINDOWS\System32\gdi32full.dll
0x00007fff369e0000 - 0x00007fff36a7d000 	C:\WINDOWS\System32\msvcp_win.dll
0x00007fff36230000 - 0x00007fff36330000 	C:\WINDOWS\System32\ucrtbase.dll
0x00007fff23730000 - 0x00007fff239ca000 	C:\WINDOWS\WinSxS\amd64_microsoft.windows.common-controls_6595b64144ccf1df_6.0.19041.3636_none_60b6a03d71f818d5\COMCTL32.dll
0x00007fff383e0000 - 0x00007fff38410000 	C:\WINDOWS\System32\IMM32.DLL
0x0000000051850000 - 0x0000000051922000 	C:\Program Files\Java\jdk1.8.0_202\jre\bin\msvcr100.dll
0x0000000051930000 - 0x00000000521d5000 	C:\Program Files\Java\jdk1.8.0_202\jre\bin\server\jvm.dll
0x00007fff383d0000 - 0x00007fff383d8000 	C:\WINDOWS\System32\PSAPI.DLL
0x00007fff2ed00000 - 0x00007fff2ed09000 	C:\WINDOWS\SYSTEM32\WSOCK32.dll
0x00007fff338a0000 - 0x00007fff338c7000 	C:\WINDOWS\SYSTEM32\WINMM.dll
0x00007fff30a30000 - 0x00007fff30a3a000 	C:\WINDOWS\SYSTEM32\VERSION.dll
0x00007fff389a0000 - 0x00007fff38a0b000 	C:\WINDOWS\System32\WS2_32.dll
0x00007fff2ecf0000 - 0x00007fff2ecff000 	C:\Program Files\Java\jdk1.8.0_202\jre\bin\verify.dll
0x00007fff2d930000 - 0x00007fff2d959000 	C:\Program Files\Java\jdk1.8.0_202\jre\bin\java.dll
0x00007fff282a0000 - 0x00007fff282b6000 	C:\Program Files\Java\jdk1.8.0_202\jre\bin\zip.dll
0x00007fff37280000 - 0x00007fff379c4000 	C:\WINDOWS\System32\SHELL32.dll
0x00007fff34270000 - 0x00007fff34a0b000 	C:\WINDOWS\SYSTEM32\windows.storage.dll
0x00007fff37d90000 - 0x00007fff380e4000 	C:\WINDOWS\System32\combase.dll
0x00007fff35b00000 - 0x00007fff35b2d000 	C:\WINDOWS\SYSTEM32\Wldp.dll
0x00007fff37ce0000 - 0x00007fff37d8d000 	C:\WINDOWS\System32\SHCORE.dll
0x00007fff38a10000 - 0x00007fff38a65000 	C:\WINDOWS\System32\shlwapi.dll
0x00007fff360c0000 - 0x00007fff360e5000 	C:\WINDOWS\SYSTEM32\profapi.dll
0x00007fff23290000 - 0x00007fff232cd000 	C:\Users\user\AppData\Local\Temp\JOCL_2_0_0-windows-x86_64.dll
0x00007fff35a50000 - 0x00007fff35a5c000 	C:\WINDOWS\SYSTEM32\CRYPTBASE.DLL
0x00007ffef2c70000 - 0x00007ffef2cec000 	C:\WINDOWS\SYSTEM32\OpenCL.dll
0x00007fff36960000 - 0x00007fff369ae000 	C:\WINDOWS\System32\CFGMGR32.dll
0x00007fff370c0000 - 0x00007fff371eb000 	C:\WINDOWS\System32\ole32.dll
0x00007fff34070000 - 0x00007fff34082000 	C:\WINDOWS\SYSTEM32\kernel.appcore.dll
0x00007fff36a80000 - 0x00007fff36b02000 	C:\WINDOWS\System32\bcryptPrimitives.dll
0x00007fff379d0000 - 0x00007fff37a79000 	C:\WINDOWS\System32\clbcatq.dll
0x00007fff34a50000 - 0x00007fff34b43000 	C:\WINDOWS\SYSTEM32\dxgi.dll
0x00007ffee0940000 - 0x00007ffee0e9b000 	C:\WINDOWS\System32\DriverStore\FileRepository\iigd_dch.inf_amd64_51f685305808e3a5\igdrcl64.dll
0x00007fff2da80000 - 0x00007fff2de89000 	C:\WINDOWS\System32\DriverStore\FileRepository\iigd_dch.inf_amd64_51f685305808e3a5\igdgmm64.dll
0x00007fff2ce90000 - 0x00007fff2cecb000 	C:\WINDOWS\SYSTEM32\dxcore.dll
0x00007fff101b0000 - 0x00007fff102b4000 	C:\WINDOWS\System32\DriverStore\FileRepository\iigd_dch.inf_amd64_51f685305808e3a5\igdfcl64.dll
0x00007fff284e0000 - 0x00007fff2bc74000 	C:\WINDOWS\System32\DriverStore\FileRepository\iigd_dch.inf_amd64_51f685305808e3a5\igc64.dll
0x00007ffec6f30000 - 0x00007ffec7779000 	C:\WINDOWS\System32\DriverStore\FileRepository\u0390451.inf_amd64_39377efdd62734d1\B390182\amdocl64.dll
0x00007fff38480000 - 0x00007fff388ee000 	C:\WINDOWS\System32\SETUPAPI.dll
0x00007fff369b0000 - 0x00007fff369d7000 	C:\WINDOWS\System32\bcrypt.dll
0x00007fff15040000 - 0x00007fff15165000 	C:\WINDOWS\SYSTEM32\OPENGL32.dll
0x00007fff24400000 - 0x00007fff2442c000 	C:\WINDOWS\SYSTEM32\GLU32.dll
0x00007fff33d80000 - 0x00007fff33daf000 	C:\WINDOWS\SYSTEM32\dwmapi.dll
0x00007fff35eb0000 - 0x00007fff35ee3000 	C:\WINDOWS\System32\DEVOBJ.dll
0x00007fff361c0000 - 0x00007fff36227000 	C:\WINDOWS\System32\WINTRUST.dll
0x00007fff36330000 - 0x00007fff3648d000 	C:\WINDOWS\System32\CRYPT32.dll
0x00007fff35c90000 - 0x00007fff35ca2000 	C:\WINDOWS\System32\MSASN1.dll
0x00007ffeb0580000 - 0x00007ffeb4544000 	C:\WINDOWS\System32\DriverStore\FileRepository\u0390451.inf_amd64_39377efdd62734d1\B390182\amdhsail64.dll
0x00007ffeaade0000 - 0x00007ffeb0575000 	C:\WINDOWS\System32\DriverStore\FileRepository\u0390451.inf_amd64_39377efdd62734d1\B390182\amd_comgr.dll
0x00007fff382a0000 - 0x00007fff3836d000 	C:\WINDOWS\System32\OLEAUT32.dll
0x00007fff35a60000 - 0x00007fff35a78000 	C:\WINDOWS\SYSTEM32\CRYPTSP.dll
0x00007fff35190000 - 0x00007fff351c4000 	C:\WINDOWS\system32\rsaenh.dll
0x00007fff36040000 - 0x00007fff3606e000 	C:\WINDOWS\SYSTEM32\USERENV.dll
0x00007fff28280000 - 0x00007fff2829a000 	C:\Program Files\Java\jdk1.8.0_202\jre\bin\net.dll
0x00007fff25fc0000 - 0x00007fff261ad000 	C:\WINDOWS\SYSTEM32\urlmon.dll
0x00007fff262f0000 - 0x00007fff265ac000 	C:\WINDOWS\SYSTEM32\iertutil.dll
0x00007fff25f90000 - 0x00007fff25fb8000 	C:\WINDOWS\SYSTEM32\srvcli.dll
0x00007fff356b0000 - 0x00007fff356bc000 	C:\WINDOWS\SYSTEM32\netutils.dll
0x00007fff35860000 - 0x00007fff358ca000 	C:\WINDOWS\system32\mswsock.dll
0x00007fff35550000 - 0x00007fff3558b000 	C:\WINDOWS\SYSTEM32\IPHLPAPI.DLL
0x00007fff38470000 - 0x00007fff38478000 	C:\WINDOWS\System32\NSI.dll
0x00007fff2df80000 - 0x00007fff2df97000 	C:\WINDOWS\SYSTEM32\dhcpcsvc6.DLL
0x00007fff2df20000 - 0x00007fff2df3d000 	C:\WINDOWS\SYSTEM32\dhcpcsvc.DLL
0x00007fff35590000 - 0x00007fff3565a000 	C:\WINDOWS\SYSTEM32\DNSAPI.dll
0x00007fff28260000 - 0x00007fff28272000 	C:\Program Files\Java\jdk1.8.0_202\jre\bin\nio.dll
0x00007fff2f110000 - 0x00007fff2f2f4000 	C:\WINDOWS\SYSTEM32\dbghelp.dll

VM Arguments:
jvm_args: -Dfile.encoding=UTF-8 -Xmx1000m 
java_command: nativememory.SimpleJOCL
java_class_path (initial): C:\Users\user\Documents\GitHub\Coordinate\build\classes;C:\Users\user\Documents\Java\JOCL\jocl-2.0.0.jar;C:\Users\user\Documents\Java\JOCL\JOCL-structs-0.0.1a-alpha.jar;C:\Users\user\Documents\GitHub\JOCLWrapper\build\classes;C:\Users\user\Documents\GitHub\JOCLWrapper\build\test\classes
Launcher Type: SUN_STANDARD

Environment Variables:
JAVA_HOME=C:\Program Files\Java\jdk1.8.0_144
PATH=C:\Program Files (x86)\Common Files\Intel\Shared Libraries\redist\intel64\mpirt;C:\Program Files (x86)\Common Files\Intel\Shared Libraries\redist\intel64\compiler;C:\Program Files (x86)\Common Files\Oracle\Java\javapath;C:\ProgramData\Oracle\Java\javapath;C:\WINDOWS\system32;C:\WINDOWS;C:\WINDOWS\System32\Wbem;C:\WINDOWS\System32\WindowsPowerShell\v1.0\;C:\Program Files\LuxRender;C:\WINDOWS\System32\OpenSSH\;C:\Program Files\apache-maven-3.6.3\bin;C:\Program Files\Microsoft SQL Server\120\Tools\Binn\;C:\Program Files\nodejs\;C:\Users\user\AppData\Local\Microsoft\WindowsApps;C:\Users\user\AppData\Local\GitHubDesktop\bin;C:\Users\user\AppData\Local\Microsoft\WindowsApps;;C:\Users\user\AppData\Local\Programs\Microsoft VS Code\bin;C:\Users\user\AppData\Roaming\npm
USERNAME=user
OS=Windows_NT
PROCESSOR_IDENTIFIER=Intel64 Family 6 Model 94 Stepping 3, GenuineIntel



---------------  S Y S T E M  ---------------

OS: Windows 10.0 , 64 bit Build 19041 (10.0.19041.3636)

CPU:total 4 (initial active 4) (4 cores per cpu, 1 threads per core) family 6 model 94 stepping 3, cmov, cx8, fxsr, mmx, sse, sse2, sse3, ssse3, sse4.1, sse4.2, popcnt, avx, avx2, aes, clmul, erms, 3dnowpref, lzcnt, tsc, tscinvbit, bmi1, bmi2, adx

Memory: 4k page, physical 16633860k(3704728k free), swap 23487784k(4190232k free)

vm_info: Java HotSpot(TM) 64-Bit Server VM (25.202-b08) for windows-amd64 JRE (1.8.0_202-b08), built on Dec 15 2018 19:54:30 by "java_re" with MS VC++ 10.0 (VS2010)

time: Fri Dec 08 01:06:27 2023
timezone: E. Africa Standard Time
elapsed time: 1 seconds (0d 0h 0m 1s)

